Using pre-set license
Built from '2020.3/staging' branch; Version is '2020.3.6f1 (338bb68529b2) revision 3378102'; Using compiler version '192528614'; Build Type 'Release'
OS: 'Windows 10 Home; OS build 19043.1237; Version 2009; 64bit' Language: 'ko' Physical Memory: 16239 MB
BatchMode: 1, IsHumanControllingUs: 0, StartBugReporterOnCrash: 0, Is64bit: 1, IsPro: 0

 COMMAND LINE ARGUMENTS:
C:\Program Files\Unity\Hub\Editor\2020.3.6f1\Editor\Unity.exe
-adb2
-batchMode
-noUpm
-name
AssetImportWorker1
-projectPath
D:/OnePickGamesFile
-logFile
Logs/AssetImportWorker1.log
-srvPort
59229
Successfully changed project path to: D:/OnePickGamesFile
D:/OnePickGamesFile
Using Asset Import Pipeline V2.
Refreshing native plugins compatible for Editor in 16.46 ms, found 0 plugins.
Preloading 0 native plugins for Editor in 0.00 ms.
Initialize engine version: 2020.3.6f1 (338bb68529b2)
[Subsystems] Discovering subsystems at path C:/Program Files/Unity/Hub/Editor/2020.3.6f1/Editor/Data/Resources/UnitySubsystems
[Subsystems] Discovering subsystems at path D:/OnePickGamesFile/Assets
GfxDevice: creating device client; threaded=0
Direct3D:
    Version:  Direct3D 11.0 [level 11.1]
    Renderer: NVIDIA GeForce GTX 1060 3GB (ID=0x1c02)
    Vendor:   
    VRAM:     2988 MB
    Driver:   27.21.14.6627
Initialize mono
Mono path[0] = 'C:/Program Files/Unity/Hub/Editor/2020.3.6f1/Editor/Data/Managed'
Mono path[1] = 'C:/Program Files/Unity/Hub/Editor/2020.3.6f1/Editor/Data/MonoBleedingEdge/lib/mono/unityjit'
Mono config path = 'C:/Program Files/Unity/Hub/Editor/2020.3.6f1/Editor/Data/MonoBleedingEdge/etc'
Using monoOptions --debugger-agent=transport=dt_socket,embedding=1,server=y,suspend=n,address=127.0.0.1:56656
Begin MonoManager ReloadAssembly
Registering precompiled unity dll's ...
Register platform support module: C:/Program Files/Unity/Hub/Editor/2020.3.6f1/Editor/Data/PlaybackEngines/WindowsStandaloneSupport/UnityEditor.WindowsStandalone.Extensions.dll
Registered in 0.001487 seconds.
Native extension for WindowsStandalone target not found
Refreshing native plugins compatible for Editor in 16.75 ms, found 0 plugins.
Preloading 0 native plugins for Editor in 0.00 ms.
Mono: successfully reloaded assembly
- Completed reload, in  4.034 seconds
Platform modules already initialized, skipping
Registering precompiled user dll's ...
Registered in 0.000434 seconds.
Begin MonoManager ReloadAssembly
Native extension for WindowsStandalone target not found
Refreshing native plugins compatible for Editor in 0.16 ms, found 0 plugins.
Preloading 0 native plugins for Editor in 0.00 ms.
Mono: successfully reloaded assembly
- Completed reload, in  0.572 seconds
Platform modules already initialized, skipping
========================================================================
Worker process is ready to serve import requests
Launched and connected shader compiler UnityShaderCompiler.exe after 0.03 seconds
Refreshing native plugins compatible for Editor in 0.16 ms, found 0 plugins.
Preloading 0 native plugins for Editor in 0.00 ms.
Unloading 1136 Unused Serialized files (Serialized files now loaded: 0)
System memory in use before: 58.0 MB.
System memory in use after: 58.0 MB.

Unloading 10 unused Assets to reduce memory usage. Loaded Objects now: 1581.
Total: 1.695300 ms (FindLiveObjects: 0.121600 ms CreateObjectMapping: 0.030000 ms MarkObjects: 1.463400 ms  DeleteObjects: 0.079400 ms)

========================================================================
Received Prepare
Registering precompiled user dll's ...
Registered in 0.000476 seconds.
Begin MonoManager ReloadAssembly
Native extension for WindowsStandalone target not found
Refreshing native plugins compatible for Editor in 0.16 ms, found 0 plugins.
Preloading 0 native plugins for Editor in 0.00 ms.
Mono: successfully reloaded assembly
- Completed reload, in  0.538 seconds
Platform modules already initialized, skipping
Refreshing native plugins compatible for Editor in 0.17 ms, found 0 plugins.
Preloading 0 native plugins for Editor in 0.00 ms.
Unloading 1131 Unused Serialized files (Serialized files now loaded: 0)
System memory in use before: 57.9 MB.
System memory in use after: 57.9 MB.

Unloading 5 unused Assets to reduce memory usage. Loaded Objects now: 1584.
Total: 1.348700 ms (FindLiveObjects: 0.107900 ms CreateObjectMapping: 0.029000 ms MarkObjects: 1.166200 ms  DeleteObjects: 0.044600 ms)

========================================================================
Received Import Request.
  path: Assets/Scripts/2st Map/Trap.cs
  artifactKey: Guid(f882827cf2db9b142a6cc26c4fee26fb) Importer(815301076,1909f56bfc062723c751e8b465ee728b)
Start importing Assets/Scripts/2st Map/Trap.cs using Guid(f882827cf2db9b142a6cc26c4fee26fb) Importer(815301076,1909f56bfc062723c751e8b465ee728b)  -> (artifact id: '1980880d695fafe468771039f85df376') in 0.019552 seconds
  Import took 0.021361 seconds .

========================================================================
Received Prepare
Registering precompiled user dll's ...
Registered in 0.000556 seconds.
Begin MonoManager ReloadAssembly
Native extension for WindowsStandalone target not found
Refreshing native plugins compatible for Editor in 0.17 ms, found 0 plugins.
Preloading 0 native plugins for Editor in 0.00 ms.
Mono: successfully reloaded assembly
- Completed reload, in  0.568 seconds
Platform modules already initialized, skipping
Refreshing native plugins compatible for Editor in 0.18 ms, found 0 plugins.
Preloading 0 native plugins for Editor in 0.00 ms.
Unloading 1132 Unused Serialized files (Serialized files now loaded: 0)
System memory in use before: 57.9 MB.
System memory in use after: 58.0 MB.

Unloading 5 unused Assets to reduce memory usage. Loaded Objects now: 1588.
Total: 1.215000 ms (FindLiveObjects: 0.113300 ms CreateObjectMapping: 0.028900 ms MarkObjects: 1.022800 ms  DeleteObjects: 0.048800 ms)

========================================================================
Received Prepare
Registering precompiled user dll's ...
Registered in 0.000424 seconds.
Begin MonoManager ReloadAssembly
Native extension for WindowsStandalone target not found
Refreshing native plugins compatible for Editor in 0.17 ms, found 0 plugins.
Preloading 0 native plugins for Editor in 0.00 ms.
Mono: successfully reloaded assembly
- Completed reload, in  0.552 seconds
Platform modules already initialized, skipping
Refreshing native plugins compatible for Editor in 0.17 ms, found 0 plugins.
Preloading 0 native plugins for Editor in 0.00 ms.
Unloading 1131 Unused Serialized files (Serialized files now loaded: 0)
System memory in use before: 57.9 MB.
System memory in use after: 58.0 MB.

Unloading 6 unused Assets to reduce memory usage. Loaded Objects now: 1590.
Total: 1.618000 ms (FindLiveObjects: 0.211600 ms CreateObjectMapping: 0.075000 ms MarkObjects: 1.273800 ms  DeleteObjects: 0.056400 ms)

========================================================================
Received Import Request.
  Time since last request: 10.755865 seconds.
  path: Assets/Scripts/2DView/PlayerController2D.cs
  artifactKey: Guid(445e49492d28cba4ea48694b2763e5fc) Importer(815301076,1909f56bfc062723c751e8b465ee728b)
Start importing Assets/Scripts/2DView/PlayerController2D.cs using Guid(445e49492d28cba4ea48694b2763e5fc) Importer(815301076,1909f56bfc062723c751e8b465ee728b)  -> (artifact id: '2c7926a1eaec087a7174c1ce9a6ab6bb') in 0.002993 seconds
  Import took 0.004851 seconds .

========================================================================
Received Import Request.
  Time since last request: 0.037232 seconds.
  path: Assets/Scripts/2DView/PlayerController2D.cs
  artifactKey: Guid(445e49492d28cba4ea48694b2763e5fc) Importer(815301076,1909f56bfc062723c751e8b465ee728b)
Start importing Assets/Scripts/2DView/PlayerController2D.cs using Guid(445e49492d28cba4ea48694b2763e5fc) Importer(815301076,1909f56bfc062723c751e8b465ee728b)  -> (artifact id: '2c7926a1eaec087a7174c1ce9a6ab6bb') in 0.001099 seconds
  Import took 0.002789 seconds .

========================================================================
Received Import Request.
  Time since last request: 20.023447 seconds.
  path: Assets/Scripts/2st Map/SpringJump.cs
  artifactKey: Guid(1f712c26f9fac674fa214e857bc45ca6) Importer(815301076,1909f56bfc062723c751e8b465ee728b)
Start importing Assets/Scripts/2st Map/SpringJump.cs using Guid(1f712c26f9fac674fa214e857bc45ca6) Importer(815301076,1909f56bfc062723c751e8b465ee728b)  -> (artifact id: '8e70b4b91c2fb8096c4cd801f5b2d3c5') in 0.001169 seconds
  Import took 0.002879 seconds .

========================================================================
Received Prepare
Registering precompiled user dll's ...
Registered in 0.000415 seconds.
Begin MonoManager ReloadAssembly
Native extension for WindowsStandalone target not found
Refreshing native plugins compatible for Editor in 0.17 ms, found 0 plugins.
Preloading 0 native plugins for Editor in 0.00 ms.
Mono: successfully reloaded assembly
- Completed reload, in  0.579 seconds
Platform modules already initialized, skipping
Refreshing native plugins compatible for Editor in 0.19 ms, found 0 plugins.
Preloading 0 native plugins for Editor in 0.00 ms.
Unloading 1132 Unused Serialized files (Serialized files now loaded: 0)
System memory in use before: 57.9 MB.
System memory in use after: 58.0 MB.

Unloading 5 unused Assets to reduce memory usage. Loaded Objects now: 1594.
Total: 1.337700 ms (FindLiveObjects: 0.106300 ms CreateObjectMapping: 0.029300 ms MarkObjects: 1.136400 ms  DeleteObjects: 0.064700 ms)

========================================================================
Received Prepare
Registering precompiled user dll's ...
Registered in 0.000406 seconds.
Begin MonoManager ReloadAssembly
Native extension for WindowsStandalone target not found
Refreshing native plugins compatible for Editor in 0.17 ms, found 0 plugins.
Preloading 0 native plugins for Editor in 0.00 ms.
Mono: successfully reloaded assembly
- Completed reload, in  0.554 seconds
Platform modules already initialized, skipping
Refreshing native plugins compatible for Editor in 0.16 ms, found 0 plugins.
Preloading 0 native plugins for Editor in 0.00 ms.
Unloading 1132 Unused Serialized files (Serialized files now loaded: 0)
System memory in use before: 57.9 MB.
System memory in use after: 58.0 MB.

Unloading 5 unused Assets to reduce memory usage. Loaded Objects now: 1597.
Total: 1.537900 ms (FindLiveObjects: 0.131400 ms CreateObjectMapping: 0.039500 ms MarkObjects: 1.306700 ms  DeleteObjects: 0.059200 ms)

========================================================================
Received Import Request.
  Time since last request: 133.544564 seconds.
  path: Assets/Scripts/2st Map/SpringJump.cs
  artifactKey: Guid(1f712c26f9fac674fa214e857bc45ca6) Importer(815301076,1909f56bfc062723c751e8b465ee728b)
Start importing Assets/Scripts/2st Map/SpringJump.cs using Guid(1f712c26f9fac674fa214e857bc45ca6) Importer(815301076,1909f56bfc062723c751e8b465ee728b)  -> (artifact id: '5c3d170f03376b1017a8a53ff44081eb') in 0.002752 seconds
  Import took 0.004658 seconds .

========================================================================
Received Import Request.
  Time since last request: 1.360544 seconds.
  path: Assets/Scripts/2st Map/SpringJump.cs
  artifactKey: Guid(1f712c26f9fac674fa214e857bc45ca6) Importer(815301076,1909f56bfc062723c751e8b465ee728b)
Start importing Assets/Scripts/2st Map/SpringJump.cs using Guid(1f712c26f9fac674fa214e857bc45ca6) Importer(815301076,1909f56bfc062723c751e8b465ee728b)  -> (artifact id: '5c3d170f03376b1017a8a53ff44081eb') in 0.001010 seconds
  Import took 0.002458 seconds .

========================================================================
Received Prepare
Registering precompiled user dll's ...
Registered in 0.000455 seconds.
Begin MonoManager ReloadAssembly
Native extension for WindowsStandalone target not found
Refreshing native plugins compatible for Editor in 0.17 ms, found 0 plugins.
Preloading 0 native plugins for Editor in 0.00 ms.
Mono: successfully reloaded assembly
- Completed reload, in  0.529 seconds
Platform modules already initialized, skipping
Refreshing native plugins compatible for Editor in 0.16 ms, found 0 plugins.
Preloading 0 native plugins for Editor in 0.00 ms.
Unloading 1132 Unused Serialized files (Serialized files now loaded: 0)
System memory in use before: 58.0 MB.
System memory in use after: 58.0 MB.

Unloading 5 unused Assets to reduce memory usage. Loaded Objects now: 1600.
Total: 1.201000 ms (FindLiveObjects: 0.111200 ms CreateObjectMapping: 0.025900 ms MarkObjects: 1.019000 ms  DeleteObjects: 0.043600 ms)

========================================================================
Received Prepare
Registering precompiled user dll's ...
Registered in 0.000467 seconds.
Begin MonoManager ReloadAssembly
Native extension for WindowsStandalone target not found
Refreshing native plugins compatible for Editor in 0.17 ms, found 0 plugins.
Preloading 0 native plugins for Editor in 0.00 ms.
Mono: successfully reloaded assembly
- Completed reload, in  0.541 seconds
Platform modules already initialized, skipping
Refreshing native plugins compatible for Editor in 0.18 ms, found 0 plugins.
Preloading 0 native plugins for Editor in 0.00 ms.
Unloading 1132 Unused Serialized files (Serialized files now loaded: 0)
System memory in use before: 58.0 MB.
System memory in use after: 58.0 MB.

Unloading 5 unused Assets to reduce memory usage. Loaded Objects now: 1603.
Total: 1.289700 ms (FindLiveObjects: 0.115500 ms CreateObjectMapping: 0.029400 ms MarkObjects: 1.097900 ms  DeleteObjects: 0.045700 ms)

========================================================================
Received Prepare
Registering precompiled user dll's ...
Registered in 0.000420 seconds.
Begin MonoManager ReloadAssembly
Native extension for WindowsStandalone target not found
Refreshing native plugins compatible for Editor in 0.18 ms, found 0 plugins.
Preloading 0 native plugins for Editor in 0.00 ms.
Mono: successfully reloaded assembly
- Completed reload, in  0.544 seconds
Platform modules already initialized, skipping
Refreshing native plugins compatible for Editor in 0.17 ms, found 0 plugins.
Preloading 0 native plugins for Editor in 0.00 ms.
Unloading 1132 Unused Serialized files (Serialized files now loaded: 0)
System memory in use before: 58.0 MB.
System memory in use after: 58.0 MB.

Unloading 5 unused Assets to reduce memory usage. Loaded Objects now: 1606.
Total: 1.616200 ms (FindLiveObjects: 0.196000 ms CreateObjectMapping: 0.059200 ms MarkObjects: 1.294300 ms  DeleteObjects: 0.065700 ms)

========================================================================
Received Prepare
Registering precompiled user dll's ...
Registered in 0.000445 seconds.
Begin MonoManager ReloadAssembly
Native extension for WindowsStandalone target not found
Refreshing native plugins compatible for Editor in 0.17 ms, found 0 plugins.
Preloading 0 native plugins for Editor in 0.00 ms.
Mono: successfully reloaded assembly
- Completed reload, in  0.539 seconds
Platform modules already initialized, skipping
Refreshing native plugins compatible for Editor in 0.16 ms, found 0 plugins.
Preloading 0 native plugins for Editor in 0.00 ms.
Unloading 1132 Unused Serialized files (Serialized files now loaded: 0)
System memory in use before: 58.0 MB.
System memory in use after: 58.0 MB.

Unloading 5 unused Assets to reduce memory usage. Loaded Objects now: 1609.
Total: 1.275800 ms (FindLiveObjects: 0.121300 ms CreateObjectMapping: 0.031400 ms MarkObjects: 1.064000 ms  DeleteObjects: 0.057900 ms)

========================================================================
Received Prepare
Registering precompiled user dll's ...
Registered in 0.000440 seconds.
Begin MonoManager ReloadAssembly
Native extension for WindowsStandalone target not found
Refreshing native plugins compatible for Editor in 0.18 ms, found 0 plugins.
Preloading 0 native plugins for Editor in 0.00 ms.
Mono: successfully reloaded assembly
- Completed reload, in  0.598 seconds
Platform modules already initialized, skipping
Refreshing native plugins compatible for Editor in 0.19 ms, found 0 plugins.
Preloading 0 native plugins for Editor in 0.00 ms.
Unloading 1132 Unused Serialized files (Serialized files now loaded: 0)
System memory in use before: 58.0 MB.
System memory in use after: 58.1 MB.

Unloading 5 unused Assets to reduce memory usage. Loaded Objects now: 1612.
Total: 1.282900 ms (FindLiveObjects: 0.109400 ms CreateObjectMapping: 0.026800 ms MarkObjects: 1.099800 ms  DeleteObjects: 0.045800 ms)

========================================================================
Received Prepare
Registering precompiled user dll's ...
Registered in 0.000461 seconds.
Begin MonoManager ReloadAssembly
Native extension for WindowsStandalone target not found
Refreshing native plugins compatible for Editor in 0.18 ms, found 0 plugins.
Preloading 0 native plugins for Editor in 0.00 ms.
Mono: successfully reloaded assembly
- Completed reload, in  0.621 seconds
Platform modules already initialized, skipping
Refreshing native plugins compatible for Editor in 0.19 ms, found 0 plugins.
Preloading 0 native plugins for Editor in 0.00 ms.
Unloading 1132 Unused Serialized files (Serialized files now loaded: 0)
System memory in use before: 58.0 MB.
System memory in use after: 58.1 MB.

Unloading 5 unused Assets to reduce memory usage. Loaded Objects now: 1615.
Total: 1.335400 ms (FindLiveObjects: 0.126100 ms CreateObjectMapping: 0.037200 ms MarkObjects: 1.124200 ms  DeleteObjects: 0.046300 ms)

========================================================================
Received Import Request.
  Time since last request: 687.429450 seconds.
  path: Assets/Scripts/2st Map/Key.cs
  artifactKey: Guid(4d55eb810711d4046b6f4de9f5cb400c) Importer(815301076,1909f56bfc062723c751e8b465ee728b)
Start importing Assets/Scripts/2st Map/Key.cs using Guid(4d55eb810711d4046b6f4de9f5cb400c) Importer(815301076,1909f56bfc062723c751e8b465ee728b)  -> (artifact id: '669425270b5a5f870cd891a84bb8261a') in 0.004748 seconds
  Import took 0.006462 seconds .

========================================================================
Received Prepare
Registering precompiled user dll's ...
Registered in 0.000408 seconds.
Begin MonoManager ReloadAssembly
Native extension for WindowsStandalone target not found
Refreshing native plugins compatible for Editor in 0.16 ms, found 0 plugins.
Preloading 0 native plugins for Editor in 0.00 ms.
Mono: successfully reloaded assembly
- Completed reload, in  0.564 seconds
Platform modules already initialized, skipping
Refreshing native plugins compatible for Editor in 0.17 ms, found 0 plugins.
Preloading 0 native plugins for Editor in 0.00 ms.
Unloading 1133 Unused Serialized files (Serialized files now loaded: 0)
System memory in use before: 58.0 MB.
System memory in use after: 58.1 MB.

Unloading 5 unused Assets to reduce memory usage. Loaded Objects now: 1619.
Total: 2.105400 ms (FindLiveObjects: 0.185900 ms CreateObjectMapping: 0.052100 ms MarkObjects: 1.799200 ms  DeleteObjects: 0.067200 ms)

========================================================================
Received Prepare
Registering precompiled user dll's ...
Registered in 0.000452 seconds.
Begin MonoManager ReloadAssembly
Native extension for WindowsStandalone target not found
Refreshing native plugins compatible for Editor in 0.17 ms, found 0 plugins.
Preloading 0 native plugins for Editor in 0.00 ms.
Mono: successfully reloaded assembly
- Completed reload, in  0.547 seconds
Platform modules already initialized, skipping
Refreshing native plugins compatible for Editor in 0.17 ms, found 0 plugins.
Preloading 0 native plugins for Editor in 0.00 ms.
Unloading 1133 Unused Serialized files (Serialized files now loaded: 0)
System memory in use before: 58.0 MB.
System memory in use after: 58.1 MB.

Unloading 5 unused Assets to reduce memory usage. Loaded Objects now: 1622.
Total: 1.354300 ms (FindLiveObjects: 0.111900 ms CreateObjectMapping: 0.029200 ms MarkObjects: 1.163300 ms  DeleteObjects: 0.048600 ms)

========================================================================
Received Import Request.
  Time since last request: 94.507344 seconds.
  path: Assets/Scripts/2st Map/Key.cs
  artifactKey: Guid(4d55eb810711d4046b6f4de9f5cb400c) Importer(815301076,1909f56bfc062723c751e8b465ee728b)
Start importing Assets/Scripts/2st Map/Key.cs using Guid(4d55eb810711d4046b6f4de9f5cb400c) Importer(815301076,1909f56bfc062723c751e8b465ee728b)  -> (artifact id: '848dd2cee9f3beba62bb4ba32ad743b3') in 0.002768 seconds
  Import took 0.004366 seconds .

========================================================================
Received Import Request.
  Time since last request: 0.000693 seconds.
  path: Assets/Scripts/2st Map/Key.cs
  artifactKey: Guid(4d55eb810711d4046b6f4de9f5cb400c) Importer(815301076,1909f56bfc062723c751e8b465ee728b)
Start importing Assets/Scripts/2st Map/Key.cs using Guid(4d55eb810711d4046b6f4de9f5cb400c) Importer(815301076,1909f56bfc062723c751e8b465ee728b)  -> (artifact id: '848dd2cee9f3beba62bb4ba32ad743b3') in 0.001018 seconds
  Import took 0.002437 seconds .

========================================================================
Received Prepare
Registering precompiled user dll's ...
Registered in 0.000414 seconds.
Begin MonoManager ReloadAssembly
Native extension for WindowsStandalone target not found
Refreshing native plugins compatible for Editor in 0.18 ms, found 0 plugins.
Preloading 0 native plugins for Editor in 0.00 ms.
Mono: successfully reloaded assembly
- Completed reload, in  0.553 seconds
Platform modules already initialized, skipping
Refreshing native plugins compatible for Editor in 0.16 ms, found 0 plugins.
Preloading 0 native plugins for Editor in 0.00 ms.
Unloading 1132 Unused Serialized files (Serialized files now loaded: 0)
System memory in use before: 58.0 MB.
System memory in use after: 58.1 MB.

Unloading 6 unused Assets to reduce memory usage. Loaded Objects now: 1624.
Total: 1.466200 ms (FindLiveObjects: 0.178500 ms CreateObjectMapping: 0.038300 ms MarkObjects: 1.199300 ms  DeleteObjects: 0.049300 ms)

========================================================================
Received Import Request.
  Time since last request: 13.414885 seconds.
  path: Assets/Scripts/2st Map/GameClearManager.cs
  artifactKey: Guid(13a69e96d2cb36a40b99f90c5a930ede) Importer(815301076,1909f56bfc062723c751e8b465ee728b)
Start importing Assets/Scripts/2st Map/GameClearManager.cs using Guid(13a69e96d2cb36a40b99f90c5a930ede) Importer(815301076,1909f56bfc062723c751e8b465ee728b)  -> (artifact id: '631e6e57057954b3dc8587145b004f6e') in 0.003327 seconds
  Import took 0.004882 seconds .

========================================================================
Received Prepare
Registering precompiled user dll's ...
Registered in 0.000399 seconds.
Begin MonoManager ReloadAssembly
Native extension for WindowsStandalone target not found
Refreshing native plugins compatible for Editor in 0.17 ms, found 0 plugins.
Preloading 0 native plugins for Editor in 0.00 ms.
Mono: successfully reloaded assembly
- Completed reload, in  0.588 seconds
Platform modules already initialized, skipping
Refreshing native plugins compatible for Editor in 0.19 ms, found 0 plugins.
Preloading 0 native plugins for Editor in 0.00 ms.
Unloading 1133 Unused Serialized files (Serialized files now loaded: 0)
System memory in use before: 58.0 MB.
System memory in use after: 58.1 MB.

Unloading 5 unused Assets to reduce memory usage. Loaded Objects now: 1628.
Total: 1.889500 ms (FindLiveObjects: 0.264400 ms CreateObjectMapping: 0.071100 ms MarkObjects: 1.500800 ms  DeleteObjects: 0.051700 ms)

========================================================================
Received Prepare
Registering precompiled user dll's ...
Registered in 0.000422 seconds.
Begin MonoManager ReloadAssembly
Native extension for WindowsStandalone target not found
Refreshing native plugins compatible for Editor in 0.17 ms, found 0 plugins.
Preloading 0 native plugins for Editor in 0.00 ms.
Mono: successfully reloaded assembly
- Completed reload, in  0.554 seconds
Platform modules already initialized, skipping
Refreshing native plugins compatible for Editor in 0.17 ms, found 0 plugins.
Preloading 0 native plugins for Editor in 0.00 ms.
Unloading 1133 Unused Serialized files (Serialized files now loaded: 0)
System memory in use before: 58.0 MB.
System memory in use after: 58.1 MB.

Unloading 5 unused Assets to reduce memory usage. Loaded Objects now: 1631.
Total: 1.452300 ms (FindLiveObjects: 0.212500 ms CreateObjectMapping: 0.046000 ms MarkObjects: 1.143900 ms  DeleteObjects: 0.048100 ms)

========================================================================
Received Import Request.
  Time since last request: 134.532504 seconds.
  path: Assets/Scripts/2st Map/GameClearManager.cs
  artifactKey: Guid(13a69e96d2cb36a40b99f90c5a930ede) Importer(815301076,1909f56bfc062723c751e8b465ee728b)
Start importing Assets/Scripts/2st Map/GameClearManager.cs using Guid(13a69e96d2cb36a40b99f90c5a930ede) Importer(815301076,1909f56bfc062723c751e8b465ee728b)  -> (artifact id: 'dccf1820c623520c8af9ac4e7c8bc9dc') in 0.002788 seconds
  Import took 0.004376 seconds .

========================================================================
Received Import Request.
  Time since last request: 83.275608 seconds.
  path: ProjectSettings/TagManager.asset
  artifactKey: Guid(00000000000000003000000000000000) Importer(815301076,1909f56bfc062723c751e8b465ee728b)
Start importing ProjectSettings/TagManager.asset using Guid(00000000000000003000000000000000) Importer(815301076,1909f56bfc062723c751e8b465ee728b)  -> (artifact id: '8d88c195ff31f549693a767a8005c618') in 0.015238 seconds
  Import took 0.016911 seconds .

========================================================================
Received Import Request.
  Time since last request: 0.000784 seconds.
  path: ProjectSettings/TagManager.asset
  artifactKey: Guid(00000000000000003000000000000000) Importer(815301076,1909f56bfc062723c751e8b465ee728b)
Start importing ProjectSettings/TagManager.asset using Guid(00000000000000003000000000000000) Importer(815301076,1909f56bfc062723c751e8b465ee728b)  -> (artifact id: '8d88c195ff31f549693a767a8005c618') in 0.001362 seconds
  Import took 0.002763 seconds .

========================================================================
Received Import Request.
  Time since last request: 2.665420 seconds.
  path: ProjectSettings/TagManager.asset
  artifactKey: Guid(00000000000000003000000000000000) Importer(815301076,1909f56bfc062723c751e8b465ee728b)
Start importing ProjectSettings/TagManager.asset using Guid(00000000000000003000000000000000) Importer(815301076,1909f56bfc062723c751e8b465ee728b)  -> (artifact id: '8f7305e0334a2df29395a2e7e8b0e1a0') in 0.001407 seconds
  Import took 0.002968 seconds .

========================================================================
Received Prepare
Registering precompiled user dll's ...
Registered in 0.000464 seconds.
Begin MonoManager ReloadAssembly
Native extension for WindowsStandalone target not found
Refreshing native plugins compatible for Editor in 0.16 ms, found 0 plugins.
Preloading 0 native plugins for Editor in 0.00 ms.
Mono: successfully reloaded assembly
- Completed reload, in  0.551 seconds
Platform modules already initialized, skipping
Refreshing native plugins compatible for Editor in 0.17 ms, found 0 plugins.
Preloading 0 native plugins for Editor in 0.00 ms.
Unloading 1133 Unused Serialized files (Serialized files now loaded: 0)
System memory in use before: 58.1 MB.
System memory in use after: 58.1 MB.

Unloading 8 unused Assets to reduce memory usage. Loaded Objects now: 1634.
Total: 1.412100 ms (FindLiveObjects: 0.196900 ms CreateObjectMapping: 0.048700 ms MarkObjects: 1.118500 ms  DeleteObjects: 0.046400 ms)

========================================================================
Received Prepare
Registering precompiled user dll's ...
Registered in 0.000484 seconds.
Begin MonoManager ReloadAssembly
Native extension for WindowsStandalone target not found
Refreshing native plugins compatible for Editor in 0.16 ms, found 0 plugins.
Preloading 0 native plugins for Editor in 0.00 ms.
Mono: successfully reloaded assembly
- Completed reload, in  0.566 seconds
Platform modules already initialized, skipping
Refreshing native plugins compatible for Editor in 0.18 ms, found 0 plugins.
Preloading 0 native plugins for Editor in 0.00 ms.
Unloading 1133 Unused Serialized files (Serialized files now loaded: 0)
System memory in use before: 58.1 MB.
System memory in use after: 58.2 MB.

Unloading 5 unused Assets to reduce memory usage. Loaded Objects now: 1637.
Total: 1.568900 ms (FindLiveObjects: 0.144100 ms CreateObjectMapping: 0.039500 ms MarkObjects: 1.336500 ms  DeleteObjects: 0.047500 ms)

========================================================================
Received Prepare
Registering precompiled user dll's ...
Registered in 0.000462 seconds.
Begin MonoManager ReloadAssembly
Native extension for WindowsStandalone target not found
Refreshing native plugins compatible for Editor in 0.16 ms, found 0 plugins.
Preloading 0 native plugins for Editor in 0.00 ms.
Mono: successfully reloaded assembly
- Completed reload, in  0.565 seconds
Platform modules already initialized, skipping
Refreshing native plugins compatible for Editor in 0.16 ms, found 0 plugins.
Preloading 0 native plugins for Editor in 0.00 ms.
Unloading 1133 Unused Serialized files (Serialized files now loaded: 0)
System memory in use before: 58.1 MB.
System memory in use after: 58.2 MB.

Unloading 5 unused Assets to reduce memory usage. Loaded Objects now: 1640.
Total: 1.267800 ms (FindLiveObjects: 0.141000 ms CreateObjectMapping: 0.037700 ms MarkObjects: 1.042900 ms  DeleteObjects: 0.044900 ms)

========================================================================
Received Prepare
Registering precompiled user dll's ...
Registered in 0.000455 seconds.
Begin MonoManager ReloadAssembly
Native extension for WindowsStandalone target not found
Refreshing native plugins compatible for Editor in 0.16 ms, found 0 plugins.
Preloading 0 native plugins for Editor in 0.00 ms.
Mono: successfully reloaded assembly
- Completed reload, in  0.536 seconds
Platform modules already initialized, skipping
Refreshing native plugins compatible for Editor in 0.17 ms, found 0 plugins.
Preloading 0 native plugins for Editor in 0.00 ms.
Unloading 1133 Unused Serialized files (Serialized files now loaded: 0)
System memory in use before: 58.1 MB.
System memory in use after: 58.2 MB.

Unloading 5 unused Assets to reduce memory usage. Loaded Objects now: 1643.
Total: 1.914100 ms (FindLiveObjects: 0.171600 ms CreateObjectMapping: 0.031900 ms MarkObjects: 1.656100 ms  DeleteObjects: 0.053400 ms)

========================================================================
Received Prepare
Registering precompiled user dll's ...
Registered in 0.000459 seconds.
Begin MonoManager ReloadAssembly
Native extension for WindowsStandalone target not found
Refreshing native plugins compatible for Editor in 0.16 ms, found 0 plugins.
Preloading 0 native plugins for Editor in 0.00 ms.
Mono: successfully reloaded assembly
- Completed reload, in  0.543 seconds
Platform modules already initialized, skipping
Refreshing native plugins compatible for Editor in 0.16 ms, found 0 plugins.
Preloading 0 native plugins for Editor in 0.00 ms.
Unloading 1133 Unused Serialized files (Serialized files now loaded: 0)
System memory in use before: 58.1 MB.
System memory in use after: 58.2 MB.

Unloading 5 unused Assets to reduce memory usage. Loaded Objects now: 1646.
Total: 1.455800 ms (FindLiveObjects: 0.159000 ms CreateObjectMapping: 0.034000 ms MarkObjects: 1.208700 ms  DeleteObjects: 0.052600 ms)

========================================================================
Received Import Request.
  Time since last request: 591.875808 seconds.
  path: Assets/Scripts/1st Map/keyOpen.cs
  artifactKey: Guid(bbab9b6908f642649b668bab9725babb) Importer(815301076,1909f56bfc062723c751e8b465ee728b)
Start importing Assets/Scripts/1st Map/keyOpen.cs using Guid(bbab9b6908f642649b668bab9725babb) Importer(815301076,1909f56bfc062723c751e8b465ee728b)  -> (artifact id: '02e002f58745a581a8dc6cce1a376f81') in 0.002816 seconds
  Import took 0.004374 seconds .

========================================================================
Received Import Request.
  Time since last request: 1.230300 seconds.
  path: Assets/Scenes/2st map.unity
  artifactKey: Guid(c48f467cdaed6d846b3ea50f9f90337a) Importer(815301076,1909f56bfc062723c751e8b465ee728b)
Start importing Assets/Scenes/2st map.unity using Guid(c48f467cdaed6d846b3ea50f9f90337a) Importer(815301076,1909f56bfc062723c751e8b465ee728b)  -> (artifact id: '082983b3a3d79e1114983dbf69704c2a') in 0.007434 seconds
  Import took 0.008996 seconds .

========================================================================
Received Prepare
Registering precompiled user dll's ...
Registered in 0.000511 seconds.
Begin MonoManager ReloadAssembly
Native extension for WindowsStandalone target not found
Refreshing native plugins compatible for Editor in 0.16 ms, found 0 plugins.
Preloading 0 native plugins for Editor in 0.00 ms.
Mono: successfully reloaded assembly
- Completed reload, in  0.544 seconds
Platform modules already initialized, skipping
Refreshing native plugins compatible for Editor in 0.17 ms, found 0 plugins.
Preloading 0 native plugins for Editor in 0.00 ms.
Unloading 1133 Unused Serialized files (Serialized files now loaded: 0)
System memory in use before: 58.1 MB.
System memory in use after: 58.2 MB.

Unloading 5 unused Assets to reduce memory usage. Loaded Objects now: 1649.
Total: 1.392000 ms (FindLiveObjects: 0.113000 ms CreateObjectMapping: 0.042900 ms MarkObjects: 1.177800 ms  DeleteObjects: 0.057500 ms)

========================================================================
Received Prepare
Registering precompiled user dll's ...
Registered in 0.000487 seconds.
Begin MonoManager ReloadAssembly
Native extension for WindowsStandalone target not found
Refreshing native plugins compatible for Editor in 0.17 ms, found 0 plugins.
Preloading 0 native plugins for Editor in 0.00 ms.
Mono: successfully reloaded assembly
- Completed reload, in  0.534 seconds
Platform modules already initialized, skipping
Refreshing native plugins compatible for Editor in 0.17 ms, found 0 plugins.
Preloading 0 native plugins for Editor in 0.00 ms.
Unloading 1133 Unused Serialized files (Serialized files now loaded: 0)
System memory in use before: 58.1 MB.
System memory in use after: 58.2 MB.

Unloading 5 unused Assets to reduce memory usage. Loaded Objects now: 1652.
Total: 1.396400 ms (FindLiveObjects: 0.117700 ms CreateObjectMapping: 0.032300 ms MarkObjects: 1.189200 ms  DeleteObjects: 0.056200 ms)

========================================================================
Received Prepare
Registering precompiled user dll's ...
Registered in 0.000429 seconds.
Begin MonoManager ReloadAssembly
Native extension for WindowsStandalone target not found
Refreshing native plugins compatible for Editor in 0.17 ms, found 0 plugins.
Preloading 0 native plugins for Editor in 0.00 ms.
Mono: successfully reloaded assembly
- Completed reload, in  0.599 seconds
Platform modules already initialized, skipping
Refreshing native plugins compatible for Editor in 0.20 ms, found 0 plugins.
Preloading 0 native plugins for Editor in 0.00 ms.
Unloading 1133 Unused Serialized files (Serialized files now loaded: 0)
System memory in use before: 58.1 MB.
System memory in use after: 58.2 MB.

Unloading 5 unused Assets to reduce memory usage. Loaded Objects now: 1655.
Total: 1.362900 ms (FindLiveObjects: 0.138500 ms CreateObjectMapping: 0.039100 ms MarkObjects: 1.138100 ms  DeleteObjects: 0.045600 ms)

========================================================================
Received Prepare
Registering precompiled user dll's ...
Registered in 0.000590 seconds.
Begin MonoManager ReloadAssembly
Native extension for WindowsStandalone target not found
Refreshing native plugins compatible for Editor in 0.17 ms, found 0 plugins.
Preloading 0 native plugins for Editor in 0.00 ms.
Mono: successfully reloaded assembly
- Completed reload, in  0.555 seconds
Platform modules already initialized, skipping
Refreshing native plugins compatible for Editor in 0.17 ms, found 0 plugins.
Preloading 0 native plugins for Editor in 0.00 ms.
Unloading 1133 Unused Serialized files (Serialized files now loaded: 0)
System memory in use before: 58.1 MB.
System memory in use after: 58.2 MB.

Unloading 5 unused Assets to reduce memory usage. Loaded Objects now: 1658.
Total: 1.645100 ms (FindLiveObjects: 0.246200 ms CreateObjectMapping: 0.063800 ms MarkObjects: 1.280000 ms  DeleteObjects: 0.053200 ms)

========================================================================
Received Import Request.
  Time since last request: 232.935567 seconds.
  path: Assets/Scripts/2st Map/Key.cs
  artifactKey: Guid(4d55eb810711d4046b6f4de9f5cb400c) Importer(815301076,1909f56bfc062723c751e8b465ee728b)
Start importing Assets/Scripts/2st Map/Key.cs using Guid(4d55eb810711d4046b6f4de9f5cb400c) Importer(815301076,1909f56bfc062723c751e8b465ee728b)  -> (artifact id: '6408f4de1510ed5d89bfff608503240a') in 0.002971 seconds
  Import took 0.004662 seconds .

========================================================================
Received Prepare
Registering precompiled user dll's ...
Registered in 0.000449 seconds.
Begin MonoManager ReloadAssembly
Native extension for WindowsStandalone target not found
Refreshing native plugins compatible for Editor in 0.29 ms, found 0 plugins.
Preloading 0 native plugins for Editor in 0.00 ms.
Mono: successfully reloaded assembly
- Completed reload, in  0.585 seconds
Platform modules already initialized, skipping
Refreshing native plugins compatible for Editor in 0.26 ms, found 0 plugins.
Preloading 0 native plugins for Editor in 0.00 ms.
Unloading 1133 Unused Serialized files (Serialized files now loaded: 0)
System memory in use before: 58.2 MB.
System memory in use after: 58.2 MB.

Unloading 5 unused Assets to reduce memory usage. Loaded Objects now: 1661.
Total: 1.570000 ms (FindLiveObjects: 0.187700 ms CreateObjectMapping: 0.034100 ms MarkObjects: 1.291000 ms  DeleteObjects: 0.055900 ms)

========================================================================
Received Import Request.
  Time since last request: 16.664019 seconds.
  path: Assets/Scripts/GameClearManager.cs
  artifactKey: Guid(13a69e96d2cb36a40b99f90c5a930ede) Importer(815301076,1909f56bfc062723c751e8b465ee728b)
Start importing Assets/Scripts/GameClearManager.cs using Guid(13a69e96d2cb36a40b99f90c5a930ede) Importer(815301076,1909f56bfc062723c751e8b465ee728b)  -> (artifact id: '75c8f84eb0869c88014f8d5a048c9136') in 0.002734 seconds
  Import took 0.004364 seconds .

========================================================================
Received Prepare
Registering precompiled user dll's ...
Registered in 0.000516 seconds.
Begin MonoManager ReloadAssembly
Native extension for WindowsStandalone target not found
Refreshing native plugins compatible for Editor in 0.18 ms, found 0 plugins.
Preloading 0 native plugins for Editor in 0.00 ms.
Mono: successfully reloaded assembly
- Completed reload, in  0.572 seconds
Platform modules already initialized, skipping
Refreshing native plugins compatible for Editor in 0.22 ms, found 0 plugins.
Preloading 0 native plugins for Editor in 0.00 ms.
Unloading 1133 Unused Serialized files (Serialized files now loaded: 0)
System memory in use before: 58.2 MB.
System memory in use after: 58.2 MB.

Unloading 5 unused Assets to reduce memory usage. Loaded Objects now: 1664.
Total: 1.487800 ms (FindLiveObjects: 0.168700 ms CreateObjectMapping: 0.054100 ms MarkObjects: 1.219300 ms  DeleteObjects: 0.044700 ms)

========================================================================
Received Import Request.
  Time since last request: 19.544747 seconds.
  path: Assets/Scripts/GameClearManager.cs
  artifactKey: Guid(13a69e96d2cb36a40b99f90c5a930ede) Importer(815301076,1909f56bfc062723c751e8b465ee728b)
Start importing Assets/Scripts/GameClearManager.cs using Guid(13a69e96d2cb36a40b99f90c5a930ede) Importer(815301076,1909f56bfc062723c751e8b465ee728b)  -> (artifact id: 'c17dfacff2aa68ee223d4e44d75ac85a') in 0.002974 seconds
  Import took 0.004549 seconds .

========================================================================
Received Prepare
Registering precompiled user dll's ...
Registered in 0.000449 seconds.
Begin MonoManager ReloadAssembly
Native extension for WindowsStandalone target not found
Refreshing native plugins compatible for Editor in 0.17 ms, found 0 plugins.
Preloading 0 native plugins for Editor in 0.00 ms.
Mono: successfully reloaded assembly
- Completed reload, in  0.613 seconds
Platform modules already initialized, skipping
Refreshing native plugins compatible for Editor in 0.19 ms, found 0 plugins.
Preloading 0 native plugins for Editor in 0.00 ms.
Unloading 1133 Unused Serialized files (Serialized files now loaded: 0)
System memory in use before: 58.2 MB.
System memory in use after: 58.2 MB.

Unloading 5 unused Assets to reduce memory usage. Loaded Objects now: 1667.
Total: 1.336600 ms (FindLiveObjects: 0.118300 ms CreateObjectMapping: 0.027500 ms MarkObjects: 1.146200 ms  DeleteObjects: 0.043300 ms)

========================================================================
Received Prepare
Registering precompiled user dll's ...
Registered in 0.000457 seconds.
Begin MonoManager ReloadAssembly
Native extension for WindowsStandalone target not found
Refreshing native plugins compatible for Editor in 0.16 ms, found 0 plugins.
Preloading 0 native plugins for Editor in 0.00 ms.
Mono: successfully reloaded assembly
- Completed reload, in  0.538 seconds
Platform modules already initialized, skipping
Refreshing native plugins compatible for Editor in 0.19 ms, found 0 plugins.
Preloading 0 native plugins for Editor in 0.00 ms.
Unloading 1133 Unused Serialized files (Serialized files now loaded: 0)
System memory in use before: 58.2 MB.
System memory in use after: 58.2 MB.

Unloading 5 unused Assets to reduce memory usage. Loaded Objects now: 1670.
Total: 1.427200 ms (FindLiveObjects: 0.197900 ms CreateObjectMapping: 0.041200 ms MarkObjects: 1.130800 ms  DeleteObjects: 0.055800 ms)

========================================================================
Received Prepare
Registering precompiled user dll's ...
Registered in 0.000427 seconds.
Begin MonoManager ReloadAssembly
Native extension for WindowsStandalone target not found
Refreshing native plugins compatible for Editor in 0.17 ms, found 0 plugins.
Preloading 0 native plugins for Editor in 0.00 ms.
Mono: successfully reloaded assembly
- Completed reload, in  0.544 seconds
Platform modules already initialized, skipping
Refreshing native plugins compatible for Editor in 0.16 ms, found 0 plugins.
Preloading 0 native plugins for Editor in 0.00 ms.
Unloading 1133 Unused Serialized files (Serialized files now loaded: 0)
System memory in use before: 58.2 MB.
System memory in use after: 58.2 MB.

Unloading 5 unused Assets to reduce memory usage. Loaded Objects now: 1673.
Total: 1.286700 ms (FindLiveObjects: 0.111400 ms CreateObjectMapping: 0.029100 ms MarkObjects: 1.102400 ms  DeleteObjects: 0.042700 ms)

========================================================================
Received Prepare
Registering precompiled user dll's ...
Registered in 0.000450 seconds.
Begin MonoManager ReloadAssembly
Native extension for WindowsStandalone target not found
Refreshing native plugins compatible for Editor in 0.17 ms, found 0 plugins.
Preloading 0 native plugins for Editor in 0.00 ms.
Mono: successfully reloaded assembly
- Completed reload, in  0.533 seconds
Platform modules already initialized, skipping
Refreshing native plugins compatible for Editor in 0.18 ms, found 0 plugins.
Preloading 0 native plugins for Editor in 0.00 ms.
Unloading 1133 Unused Serialized files (Serialized files now loaded: 0)
System memory in use before: 58.2 MB.
System memory in use after: 58.3 MB.

Unloading 5 unused Assets to reduce memory usage. Loaded Objects now: 1676.
Total: 1.291500 ms (FindLiveObjects: 0.113500 ms CreateObjectMapping: 0.031900 ms MarkObjects: 1.094600 ms  DeleteObjects: 0.050700 ms)

========================================================================
Received Import Request.
  Time since last request: 412.289781 seconds.
  path: Assets/Scenes/2st map.unity
  artifactKey: Guid(c48f467cdaed6d846b3ea50f9f90337a) Importer(815301076,1909f56bfc062723c751e8b465ee728b)
Start importing Assets/Scenes/2st map.unity using Guid(c48f467cdaed6d846b3ea50f9f90337a) Importer(815301076,1909f56bfc062723c751e8b465ee728b)  -> (artifact id: 'e234230b8f6ab80d28f3e4fd1439c46d') in 0.007846 seconds
  Import took 0.009622 seconds .

========================================================================
Received Prepare
Registering precompiled user dll's ...
Registered in 0.000467 seconds.
Begin MonoManager ReloadAssembly
Native extension for WindowsStandalone target not found
Refreshing native plugins compatible for Editor in 0.17 ms, found 0 plugins.
Preloading 0 native plugins for Editor in 0.00 ms.
Mono: successfully reloaded assembly
- Completed reload, in  0.606 seconds
Platform modules already initialized, skipping
Refreshing native plugins compatible for Editor in 0.28 ms, found 0 plugins.
Preloading 0 native plugins for Editor in 0.00 ms.
Unloading 1133 Unused Serialized files (Serialized files now loaded: 0)
System memory in use before: 58.2 MB.
System memory in use after: 58.3 MB.

Unloading 5 unused Assets to reduce memory usage. Loaded Objects now: 1679.
Total: 1.505700 ms (FindLiveObjects: 0.136100 ms CreateObjectMapping: 0.038500 ms MarkObjects: 1.265900 ms  DeleteObjects: 0.063900 ms)

========================================================================
Received Prepare
Registering precompiled user dll's ...
Registered in 0.000494 seconds.
Begin MonoManager ReloadAssembly
Native extension for WindowsStandalone target not found
Refreshing native plugins compatible for Editor in 0.17 ms, found 0 plugins.
Preloading 0 native plugins for Editor in 0.00 ms.
Mono: successfully reloaded assembly
- Completed reload, in  0.540 seconds
Platform modules already initialized, skipping
Refreshing native plugins compatible for Editor in 0.17 ms, found 0 plugins.
Preloading 0 native plugins for Editor in 0.00 ms.
Unloading 1133 Unused Serialized files (Serialized files now loaded: 0)
System memory in use before: 58.2 MB.
System memory in use after: 58.3 MB.

Unloading 5 unused Assets to reduce memory usage. Loaded Objects now: 1682.
Total: 1.437300 ms (FindLiveObjects: 0.211700 ms CreateObjectMapping: 0.050200 ms MarkObjects: 1.125500 ms  DeleteObjects: 0.048600 ms)

========================================================================
Received Prepare
Registering precompiled user dll's ...
Registered in 0.000542 seconds.
Begin MonoManager ReloadAssembly
Native extension for WindowsStandalone target not found
Refreshing native plugins compatible for Editor in 0.18 ms, found 0 plugins.
Preloading 0 native plugins for Editor in 0.00 ms.
Mono: successfully reloaded assembly
- Completed reload, in  0.570 seconds
Platform modules already initialized, skipping
Refreshing native plugins compatible for Editor in 0.17 ms, found 0 plugins.
Preloading 0 native plugins for Editor in 0.00 ms.
Unloading 1133 Unused Serialized files (Serialized files now loaded: 0)
System memory in use before: 58.2 MB.
System memory in use after: 58.3 MB.

Unloading 5 unused Assets to reduce memory usage. Loaded Objects now: 1685.
Total: 1.426200 ms (FindLiveObjects: 0.126500 ms CreateObjectMapping: 0.027700 ms MarkObjects: 1.224000 ms  DeleteObjects: 0.046600 ms)

========================================================================
Received Import Request.
  Time since last request: 165.850678 seconds.
  path: Assets/Prefabs/2stPrefabs/TrapX.prefab
  artifactKey: Guid(27437a7fe936e2a4698028a8211c6c01) Importer(815301076,1909f56bfc062723c751e8b465ee728b)
Start importing Assets/Prefabs/2stPrefabs/TrapX.prefab using Guid(27437a7fe936e2a4698028a8211c6c01) Importer(815301076,1909f56bfc062723c751e8b465ee728b)  -> (artifact id: '3f6f1774ac80b95368f5d6729c1faadf') in 0.070126 seconds
  Import took 0.071884 seconds .

========================================================================
Received Import Request.
  Time since last request: 0.149880 seconds.
  path: Assets/Prefabs/2stPrefabs/TrapY.prefab
  artifactKey: Guid(e488aea04eea57f40a217d8f1c18c74c) Importer(815301076,1909f56bfc062723c751e8b465ee728b)
Start importing Assets/Prefabs/2stPrefabs/TrapY.prefab using Guid(e488aea04eea57f40a217d8f1c18c74c) Importer(815301076,1909f56bfc062723c751e8b465ee728b)  -> (artifact id: 'a7f15907d760838d8fc3aba9d2f0e0fb') in 0.006677 seconds
  Import took 0.008391 seconds .

========================================================================
Received Import Request.
  Time since last request: 2.313198 seconds.
  path: Assets/Prefabs/2stPrefabs/Enemy.prefab
  artifactKey: Guid(26c635f359b524f49963a48ec4736f11) Importer(815301076,1909f56bfc062723c751e8b465ee728b)
Start importing Assets/Prefabs/2stPrefabs/Enemy.prefab using Guid(26c635f359b524f49963a48ec4736f11) Importer(815301076,1909f56bfc062723c751e8b465ee728b)  -> (artifact id: 'f2b33ab2b99174577e28942014da4ba3') in 0.015905 seconds
  Import took 0.017560 seconds .

========================================================================
Received Import Request.
  Time since last request: 7.291669 seconds.
  path: Assets/Prefabs/2stPrefabs/WallOpen.prefab
  artifactKey: Guid(189cd4c266d53d8419169ee4d37c4ff8) Importer(815301076,1909f56bfc062723c751e8b465ee728b)
Start importing Assets/Prefabs/2stPrefabs/WallOpen.prefab using Guid(189cd4c266d53d8419169ee4d37c4ff8) Importer(815301076,1909f56bfc062723c751e8b465ee728b)  -> (artifact id: '3905f9ac53c842fc452ee54f109c4dc7') in 0.005414 seconds
  Import took 0.007086 seconds .

========================================================================
Received Import Request.
  Time since last request: 13.618315 seconds.
  path: Assets/Prefabs/2stPrefabs/Player.prefab
  artifactKey: Guid(4f33511b22cf4bf4091ef1503acf559d) Importer(815301076,1909f56bfc062723c751e8b465ee728b)
Start importing Assets/Prefabs/2stPrefabs/Player.prefab using Guid(4f33511b22cf4bf4091ef1503acf559d) Importer(815301076,1909f56bfc062723c751e8b465ee728b)  -> (artifact id: 'dbfe8d35252a21ac99f74658e600f01b') in 0.006231 seconds
  Import took 0.007799 seconds .

========================================================================
Received Import Request.
  Time since last request: 0.003329 seconds.
  path: Assets/Prefabs/2stPrefabs/Player.prefab
  artifactKey: Guid(4f33511b22cf4bf4091ef1503acf559d) Importer(815301076,1909f56bfc062723c751e8b465ee728b)
Start importing Assets/Prefabs/2stPrefabs/Player.prefab using Guid(4f33511b22cf4bf4091ef1503acf559d) Importer(815301076,1909f56bfc062723c751e8b465ee728b)  -> (artifact id: 'dbfe8d35252a21ac99f74658e600f01b') in 0.005441 seconds
  Import took 0.032942 seconds .

========================================================================
Received Prepare
Registering precompiled user dll's ...
Registered in 0.000375 seconds.
Begin MonoManager ReloadAssembly
Native extension for WindowsStandalone target not found
Refreshing native plugins compatible for Editor in 0.18 ms, found 0 plugins.
Preloading 0 native plugins for Editor in 0.00 ms.
Mono: successfully reloaded assembly
- Completed reload, in  0.563 seconds
Platform modules already initialized, skipping
Refreshing native plugins compatible for Editor in 0.17 ms, found 0 plugins.
Preloading 0 native plugins for Editor in 0.00 ms.
Unloading 1133 Unused Serialized files (Serialized files now loaded: 0)
System memory in use before: 61.4 MB.
System memory in use after: 61.5 MB.

Unloading 6 unused Assets to reduce memory usage. Loaded Objects now: 1698.
Total: 1.316100 ms (FindLiveObjects: 0.126900 ms CreateObjectMapping: 0.031600 ms MarkObjects: 1.108700 ms  DeleteObjects: 0.047700 ms)

========================================================================
Received Prepare
Registering precompiled user dll's ...
Registered in 0.000613 seconds.
Begin MonoManager ReloadAssembly
Native extension for WindowsStandalone target not found
Refreshing native plugins compatible for Editor in 0.17 ms, found 0 plugins.
Preloading 0 native plugins for Editor in 0.00 ms.
Mono: successfully reloaded assembly
- Completed reload, in  0.556 seconds
Platform modules already initialized, skipping
Refreshing native plugins compatible for Editor in 0.17 ms, found 0 plugins.
Preloading 0 native plugins for Editor in 0.00 ms.
Unloading 1133 Unused Serialized files (Serialized files now loaded: 0)
System memory in use before: 61.4 MB.
System memory in use after: 61.5 MB.

Unloading 5 unused Assets to reduce memory usage. Loaded Objects now: 1701.
Total: 1.485200 ms (FindLiveObjects: 0.134300 ms CreateObjectMapping: 0.033100 ms MarkObjects: 1.247900 ms  DeleteObjects: 0.068800 ms)

========================================================================
Received Import Request.
  Time since last request: 220.125750 seconds.
  path: Assets/Prefabs/2stPrefabs/Enemy.prefab
  artifactKey: Guid(26c635f359b524f49963a48ec4736f11) Importer(815301076,1909f56bfc062723c751e8b465ee728b)
Start importing Assets/Prefabs/2stPrefabs/Enemy.prefab using Guid(26c635f359b524f49963a48ec4736f11) Importer(815301076,1909f56bfc062723c751e8b465ee728b)  -> (artifact id: '997dd5f1898400e0674a4c04d49d5276') in 0.041280 seconds
  Import took 0.043107 seconds .

========================================================================
Received Import Request.
  Time since last request: 0.000354 seconds.
  path: Assets/Prefabs/2stPrefabs/Enemy.prefab
  artifactKey: Guid(26c635f359b524f49963a48ec4736f11) Importer(815301076,1909f56bfc062723c751e8b465ee728b)
Start importing Assets/Prefabs/2stPrefabs/Enemy.prefab using Guid(26c635f359b524f49963a48ec4736f11) Importer(815301076,1909f56bfc062723c751e8b465ee728b)  -> (artifact id: '997dd5f1898400e0674a4c04d49d5276') in 0.005130 seconds
  Import took 0.006729 seconds .

========================================================================
Received Import Request.
  Time since last request: 10.807048 seconds.
  path: Assets/Prefabs/2stPrefabs/Enemy.prefab
  artifactKey: Guid(26c635f359b524f49963a48ec4736f11) Importer(815301076,1909f56bfc062723c751e8b465ee728b)
Start importing Assets/Prefabs/2stPrefabs/Enemy.prefab using Guid(26c635f359b524f49963a48ec4736f11) Importer(815301076,1909f56bfc062723c751e8b465ee728b)  -> (artifact id: '0ad7f2b0fc7e9ded56b95988fb1de9d5') in 0.006794 seconds
  Import took 0.008445 seconds .

========================================================================
Received Import Request.
  Time since last request: 0.001517 seconds.
  path: Assets/Prefabs/2stPrefabs/Enemy.prefab
  artifactKey: Guid(26c635f359b524f49963a48ec4736f11) Importer(815301076,1909f56bfc062723c751e8b465ee728b)
Start importing Assets/Prefabs/2stPrefabs/Enemy.prefab using Guid(26c635f359b524f49963a48ec4736f11) Importer(815301076,1909f56bfc062723c751e8b465ee728b)  -> (artifact id: '0ad7f2b0fc7e9ded56b95988fb1de9d5') in 0.010297 seconds
  Import took 0.012116 seconds .

========================================================================
Received Import Request.
  Time since last request: 17.778708 seconds.
  path: Assets/Prefabs/2stPrefabs/Enemy.prefab
  artifactKey: Guid(26c635f359b524f49963a48ec4736f11) Importer(815301076,1909f56bfc062723c751e8b465ee728b)
Start importing Assets/Prefabs/2stPrefabs/Enemy.prefab using Guid(26c635f359b524f49963a48ec4736f11) Importer(815301076,1909f56bfc062723c751e8b465ee728b)  -> (artifact id: '635bfac10ec18fc12fa08e3c6647280d') in 0.005498 seconds
  Import took 0.007206 seconds .

========================================================================
Received Import Request.
  Time since last request: 22.527991 seconds.
  path: Assets/Prefabs/2stPrefabs/Enemy.prefab
  artifactKey: Guid(26c635f359b524f49963a48ec4736f11) Importer(815301076,1909f56bfc062723c751e8b465ee728b)
Start importing Assets/Prefabs/2stPrefabs/Enemy.prefab using Guid(26c635f359b524f49963a48ec4736f11) Importer(815301076,1909f56bfc062723c751e8b465ee728b)  -> (artifact id: 'a1d518930c43f53f19722d378d0ed2a4') in 0.005420 seconds
  Import took 0.007116 seconds .

========================================================================
Received Import Request.
  Time since last request: 0.002625 seconds.
  path: Assets/Prefabs/2stPrefabs/Enemy.prefab
  artifactKey: Guid(26c635f359b524f49963a48ec4736f11) Importer(815301076,1909f56bfc062723c751e8b465ee728b)
Start importing Assets/Prefabs/2stPrefabs/Enemy.prefab using Guid(26c635f359b524f49963a48ec4736f11) Importer(815301076,1909f56bfc062723c751e8b465ee728b)  -> (artifact id: 'a1d518930c43f53f19722d378d0ed2a4') in 0.005147 seconds
  Import took 0.006925 seconds .

========================================================================
Received Prepare
Registering precompiled user dll's ...
Registered in 0.000456 seconds.
Begin MonoManager ReloadAssembly
Native extension for WindowsStandalone target not found
Refreshing native plugins compatible for Editor in 0.17 ms, found 0 plugins.
Preloading 0 native plugins for Editor in 0.00 ms.
Mono: successfully reloaded assembly
- Completed reload, in  0.555 seconds
Platform modules already initialized, skipping
Refreshing native plugins compatible for Editor in 0.24 ms, found 0 plugins.
Preloading 0 native plugins for Editor in 0.00 ms.
Unloading 1133 Unused Serialized files (Serialized files now loaded: 0)
System memory in use before: 61.4 MB.
System memory in use after: 61.5 MB.

Unloading 6 unused Assets to reduce memory usage. Loaded Objects now: 1705.
Total: 1.463800 ms (FindLiveObjects: 0.141600 ms CreateObjectMapping: 0.038300 ms MarkObjects: 1.215300 ms  DeleteObjects: 0.067800 ms)

========================================================================
Received Prepare
Registering precompiled user dll's ...
Registered in 0.000440 seconds.
Begin MonoManager ReloadAssembly
Native extension for WindowsStandalone target not found
Refreshing native plugins compatible for Editor in 0.16 ms, found 0 plugins.
Preloading 0 native plugins for Editor in 0.00 ms.
Mono: successfully reloaded assembly
- Completed reload, in  0.550 seconds
Platform modules already initialized, skipping
Refreshing native plugins compatible for Editor in 0.16 ms, found 0 plugins.
Preloading 0 native plugins for Editor in 0.00 ms.
Unloading 1133 Unused Serialized files (Serialized files now loaded: 0)
System memory in use before: 61.4 MB.
System memory in use after: 61.5 MB.

Unloading 5 unused Assets to reduce memory usage. Loaded Objects now: 1708.
Total: 1.347300 ms (FindLiveObjects: 0.113300 ms CreateObjectMapping: 0.023100 ms MarkObjects: 1.162900 ms  DeleteObjects: 0.046700 ms)

========================================================================
Received Import Request.
  Time since last request: 82.564749 seconds.
  path: Assets/Prefabs/2stPrefabs/Enemy.prefab
  artifactKey: Guid(26c635f359b524f49963a48ec4736f11) Importer(815301076,1909f56bfc062723c751e8b465ee728b)
Start importing Assets/Prefabs/2stPrefabs/Enemy.prefab using Guid(26c635f359b524f49963a48ec4736f11) Importer(815301076,1909f56bfc062723c751e8b465ee728b)  -> (artifact id: 'acc23e920f40c43453b23f7a35066332') in 0.041381 seconds
  Import took 0.043176 seconds .

========================================================================
Received Prepare
Registering precompiled user dll's ...
Registered in 0.000453 seconds.
Begin MonoManager ReloadAssembly
Native extension for WindowsStandalone target not found
Refreshing native plugins compatible for Editor in 0.16 ms, found 0 plugins.
Preloading 0 native plugins for Editor in 0.00 ms.
Mono: successfully reloaded assembly
- Completed reload, in  0.556 seconds
Platform modules already initialized, skipping
Refreshing native plugins compatible for Editor in 0.17 ms, found 0 plugins.
Preloading 0 native plugins for Editor in 0.00 ms.
Unloading 1133 Unused Serialized files (Serialized files now loaded: 0)
System memory in use before: 61.4 MB.
System memory in use after: 61.5 MB.

Unloading 6 unused Assets to reduce memory usage. Loaded Objects now: 1712.
Total: 1.486700 ms (FindLiveObjects: 0.202000 ms CreateObjectMapping: 0.065400 ms MarkObjects: 1.163000 ms  DeleteObjects: 0.055200 ms)

========================================================================
Received Prepare
Registering precompiled user dll's ...
Registered in 0.000428 seconds.
Begin MonoManager ReloadAssembly
Native extension for WindowsStandalone target not found
Refreshing native plugins compatible for Editor in 0.17 ms, found 0 plugins.
Preloading 0 native plugins for Editor in 0.00 ms.
Mono: successfully reloaded assembly
- Completed reload, in  0.547 seconds
Platform modules already initialized, skipping
Refreshing native plugins compatible for Editor in 0.17 ms, found 0 plugins.
Preloading 0 native plugins for Editor in 0.00 ms.
Unloading 1133 Unused Serialized files (Serialized files now loaded: 0)
System memory in use before: 61.4 MB.
System memory in use after: 61.5 MB.

Unloading 5 unused Assets to reduce memory usage. Loaded Objects now: 1715.
Total: 1.456500 ms (FindLiveObjects: 0.181100 ms CreateObjectMapping: 0.040600 ms MarkObjects: 1.189300 ms  DeleteObjects: 0.044300 ms)

========================================================================
Received Prepare
Registering precompiled user dll's ...
Registered in 0.000555 seconds.
Begin MonoManager ReloadAssembly
Native extension for WindowsStandalone target not found
Refreshing native plugins compatible for Editor in 0.16 ms, found 0 plugins.
Preloading 0 native plugins for Editor in 0.00 ms.
Mono: successfully reloaded assembly
- Completed reload, in  0.546 seconds
Platform modules already initialized, skipping
Refreshing native plugins compatible for Editor in 0.17 ms, found 0 plugins.
Preloading 0 native plugins for Editor in 0.00 ms.
Unloading 1133 Unused Serialized files (Serialized files now loaded: 0)
System memory in use before: 61.4 MB.
System memory in use after: 61.5 MB.

Unloading 5 unused Assets to reduce memory usage. Loaded Objects now: 1718.
Total: 1.509200 ms (FindLiveObjects: 0.145600 ms CreateObjectMapping: 0.026000 ms MarkObjects: 1.289600 ms  DeleteObjects: 0.046900 ms)

========================================================================
Received Prepare
Registering precompiled user dll's ...
Registered in 0.000526 seconds.
Begin MonoManager ReloadAssembly
Native extension for WindowsStandalone target not found
Refreshing native plugins compatible for Editor in 0.16 ms, found 0 plugins.
Preloading 0 native plugins for Editor in 0.00 ms.
Mono: successfully reloaded assembly
- Completed reload, in  0.539 seconds
Platform modules already initialized, skipping
Refreshing native plugins compatible for Editor in 0.18 ms, found 0 plugins.
Preloading 0 native plugins for Editor in 0.00 ms.
Unloading 1133 Unused Serialized files (Serialized files now loaded: 0)
System memory in use before: 61.4 MB.
System memory in use after: 61.5 MB.

Unloading 5 unused Assets to reduce memory usage. Loaded Objects now: 1721.
Total: 1.845700 ms (FindLiveObjects: 0.204500 ms CreateObjectMapping: 0.042200 ms MarkObjects: 1.535400 ms  DeleteObjects: 0.062600 ms)

========================================================================
Received Import Request.
  Time since last request: 285.543693 seconds.
  path: Assets/Prefabs/2stPrefabs/Enemy.prefab
  artifactKey: Guid(26c635f359b524f49963a48ec4736f11) Importer(815301076,1909f56bfc062723c751e8b465ee728b)
Start importing Assets/Prefabs/2stPrefabs/Enemy.prefab using Guid(26c635f359b524f49963a48ec4736f11) Importer(815301076,1909f56bfc062723c751e8b465ee728b)  -> (artifact id: '63e0ed179d7c812fb9909b93f71dddf4') in 0.042584 seconds
  Import took 0.044368 seconds .

========================================================================
Received Import Request.
  Time since last request: 17.332338 seconds.
  path: Assets/Prefabs/2stPrefabs/Enemy.prefab
  artifactKey: Guid(26c635f359b524f49963a48ec4736f11) Importer(815301076,1909f56bfc062723c751e8b465ee728b)
Start importing Assets/Prefabs/2stPrefabs/Enemy.prefab using Guid(26c635f359b524f49963a48ec4736f11) Importer(815301076,1909f56bfc062723c751e8b465ee728b)  -> (artifact id: '337f5394418afb574645e2614881348a') in 0.007075 seconds
  Import took 0.008689 seconds .

========================================================================
Received Import Request.
  Time since last request: 0.001183 seconds.
  path: Assets/Prefabs/2stPrefabs/Enemy.prefab
  artifactKey: Guid(26c635f359b524f49963a48ec4736f11) Importer(815301076,1909f56bfc062723c751e8b465ee728b)
Start importing Assets/Prefabs/2stPrefabs/Enemy.prefab using Guid(26c635f359b524f49963a48ec4736f11) Importer(815301076,1909f56bfc062723c751e8b465ee728b)  -> (artifact id: '337f5394418afb574645e2614881348a') in 0.008307 seconds
  Import took 0.010035 seconds .

========================================================================
Received Prepare
Registering precompiled user dll's ...
Registered in 0.000438 seconds.
Begin MonoManager ReloadAssembly
Native extension for WindowsStandalone target not found
Refreshing native plugins compatible for Editor in 0.17 ms, found 0 plugins.
Preloading 0 native plugins for Editor in 0.00 ms.
Mono: successfully reloaded assembly
- Completed reload, in  0.543 seconds
Platform modules already initialized, skipping
Refreshing native plugins compatible for Editor in 0.17 ms, found 0 plugins.
Preloading 0 native plugins for Editor in 0.00 ms.
Unloading 1133 Unused Serialized files (Serialized files now loaded: 0)
System memory in use before: 61.5 MB.
System memory in use after: 61.6 MB.

Unloading 6 unused Assets to reduce memory usage. Loaded Objects now: 1725.
Total: 1.318800 ms (FindLiveObjects: 0.123500 ms CreateObjectMapping: 0.028000 ms MarkObjects: 1.116700 ms  DeleteObjects: 0.049600 ms)

========================================================================
Received Prepare
Registering precompiled user dll's ...
Registered in 0.000506 seconds.
Begin MonoManager ReloadAssembly
Native extension for WindowsStandalone target not found
Refreshing native plugins compatible for Editor in 0.18 ms, found 0 plugins.
Preloading 0 native plugins for Editor in 0.00 ms.
Mono: successfully reloaded assembly
- Completed reload, in  0.600 seconds
Platform modules already initialized, skipping
Refreshing native plugins compatible for Editor in 0.20 ms, found 0 plugins.
Preloading 0 native plugins for Editor in 0.00 ms.
Unloading 1133 Unused Serialized files (Serialized files now loaded: 0)
System memory in use before: 61.5 MB.
System memory in use after: 61.6 MB.

Unloading 5 unused Assets to reduce memory usage. Loaded Objects now: 1728.
Total: 1.493600 ms (FindLiveObjects: 0.223500 ms CreateObjectMapping: 0.061100 ms MarkObjects: 1.157000 ms  DeleteObjects: 0.049600 ms)

========================================================================
Received Import Request.
  Time since last request: 213.080319 seconds.
  path: Assets/Prefabs/2stPrefabs/TrapY.prefab
  artifactKey: Guid(e488aea04eea57f40a217d8f1c18c74c) Importer(815301076,1909f56bfc062723c751e8b465ee728b)
Start importing Assets/Prefabs/2stPrefabs/TrapY.prefab using Guid(e488aea04eea57f40a217d8f1c18c74c) Importer(815301076,1909f56bfc062723c751e8b465ee728b)  -> (artifact id: '015523bec551b537d56270f0cef0bbc7') in 0.041585 seconds
  Import took 0.043475 seconds .

========================================================================
Received Prepare
Registering precompiled user dll's ...
Registered in 0.000486 seconds.
Begin MonoManager ReloadAssembly
Native extension for WindowsStandalone target not found
Refreshing native plugins compatible for Editor in 0.16 ms, found 0 plugins.
Preloading 0 native plugins for Editor in 0.00 ms.
Mono: successfully reloaded assembly
- Completed reload, in  0.534 seconds
Platform modules already initialized, skipping
Refreshing native plugins compatible for Editor in 0.17 ms, found 0 plugins.
Preloading 0 native plugins for Editor in 0.00 ms.
Unloading 1133 Unused Serialized files (Serialized files now loaded: 0)
System memory in use before: 61.5 MB.
System memory in use after: 61.6 MB.

Unloading 5 unused Assets to reduce memory usage. Loaded Objects now: 1732.
Total: 1.353100 ms (FindLiveObjects: 0.116100 ms CreateObjectMapping: 0.027400 ms MarkObjects: 1.131000 ms  DeleteObjects: 0.077800 ms)

========================================================================
Received Prepare
Registering precompiled user dll's ...
Registered in 0.000510 seconds.
Begin MonoManager ReloadAssembly
Native extension for WindowsStandalone target not found
Refreshing native plugins compatible for Editor in 0.17 ms, found 0 plugins.
Preloading 0 native plugins for Editor in 0.00 ms.
Mono: successfully reloaded assembly
- Completed reload, in  0.536 seconds
Platform modules already initialized, skipping
Refreshing native plugins compatible for Editor in 0.16 ms, found 0 plugins.
Preloading 0 native plugins for Editor in 0.00 ms.
Unloading 1133 Unused Serialized files (Serialized files now loaded: 0)
System memory in use before: 61.5 MB.
System memory in use after: 61.6 MB.

Unloading 5 unused Assets to reduce memory usage. Loaded Objects now: 1735.
Total: 1.427800 ms (FindLiveObjects: 0.130900 ms CreateObjectMapping: 0.031300 ms MarkObjects: 1.219900 ms  DeleteObjects: 0.044300 ms)

========================================================================
Received Prepare
Registering precompiled user dll's ...
Registered in 0.000406 seconds.
Begin MonoManager ReloadAssembly
Native extension for WindowsStandalone target not found
Refreshing native plugins compatible for Editor in 0.16 ms, found 0 plugins.
Preloading 0 native plugins for Editor in 0.00 ms.
Mono: successfully reloaded assembly
- Completed reload, in  0.530 seconds
Platform modules already initialized, skipping
Refreshing native plugins compatible for Editor in 0.16 ms, found 0 plugins.
Preloading 0 native plugins for Editor in 0.00 ms.
Unloading 1133 Unused Serialized files (Serialized files now loaded: 0)
System memory in use before: 61.5 MB.
System memory in use after: 61.6 MB.

Unloading 5 unused Assets to reduce memory usage. Loaded Objects now: 1738.
Total: 1.625300 ms (FindLiveObjects: 0.138300 ms CreateObjectMapping: 0.034400 ms MarkObjects: 1.382700 ms  DeleteObjects: 0.068800 ms)

========================================================================
Received Import Request.
  Time since last request: 168.898330 seconds.
  path: Assets/Prefabs/2stPrefabs/Trap.prefab
  artifactKey: Guid(339fc763ee04570469436045ecdf07c5) Importer(815301076,1909f56bfc062723c751e8b465ee728b)
Start importing Assets/Prefabs/2stPrefabs/Trap.prefab using Guid(339fc763ee04570469436045ecdf07c5) Importer(815301076,1909f56bfc062723c751e8b465ee728b)  -> (artifact id: '2c17b9507bc5bf5893bac800a8a7257a') in 0.042051 seconds
  Import took 0.043795 seconds .

========================================================================
Received Prepare
Registering precompiled user dll's ...
Registered in 0.000445 seconds.
Begin MonoManager ReloadAssembly
Native extension for WindowsStandalone target not found
Refreshing native plugins compatible for Editor in 0.17 ms, found 0 plugins.
Preloading 0 native plugins for Editor in 0.00 ms.
Mono: successfully reloaded assembly
- Completed reload, in  0.548 seconds
Platform modules already initialized, skipping
Refreshing native plugins compatible for Editor in 0.17 ms, found 0 plugins.
Preloading 0 native plugins for Editor in 0.00 ms.
Unloading 1133 Unused Serialized files (Serialized files now loaded: 0)
System memory in use before: 61.5 MB.
System memory in use after: 61.6 MB.

Unloading 5 unused Assets to reduce memory usage. Loaded Objects now: 1742.
Total: 1.483200 ms (FindLiveObjects: 0.160900 ms CreateObjectMapping: 0.029300 ms MarkObjects: 1.241600 ms  DeleteObjects: 0.049800 ms)

========================================================================
Received Prepare
Registering precompiled user dll's ...
Registered in 0.000459 seconds.
Begin MonoManager ReloadAssembly
Native extension for WindowsStandalone target not found
Refreshing native plugins compatible for Editor in 0.18 ms, found 0 plugins.
Preloading 0 native plugins for Editor in 0.00 ms.
Mono: successfully reloaded assembly
- Completed reload, in  0.551 seconds
Platform modules already initialized, skipping
Refreshing native plugins compatible for Editor in 0.16 ms, found 0 plugins.
Preloading 0 native plugins for Editor in 0.00 ms.
Unloading 1133 Unused Serialized files (Serialized files now loaded: 0)
System memory in use before: 61.5 MB.
System memory in use after: 61.6 MB.

Unloading 5 unused Assets to reduce memory usage. Loaded Objects now: 1745.
Total: 1.556500 ms (FindLiveObjects: 0.190300 ms CreateObjectMapping: 0.036000 ms MarkObjects: 1.270100 ms  DeleteObjects: 0.059100 ms)

========================================================================
Received Prepare
Registering precompiled user dll's ...
Registered in 0.000414 seconds.
Begin MonoManager ReloadAssembly
Native extension for WindowsStandalone target not found
Refreshing native plugins compatible for Editor in 0.17 ms, found 0 plugins.
Preloading 0 native plugins for Editor in 0.00 ms.
Mono: successfully reloaded assembly
- Completed reload, in  0.554 seconds
Platform modules already initialized, skipping
Refreshing native plugins compatible for Editor in 0.17 ms, found 0 plugins.
Preloading 0 native plugins for Editor in 0.00 ms.
Unloading 1133 Unused Serialized files (Serialized files now loaded: 0)
System memory in use before: 61.5 MB.
System memory in use after: 61.6 MB.

Unloading 5 unused Assets to reduce memory usage. Loaded Objects now: 1748.
Total: 1.478200 ms (FindLiveObjects: 0.220900 ms CreateObjectMapping: 0.045900 ms MarkObjects: 1.154200 ms  DeleteObjects: 0.055300 ms)

========================================================================
Received Prepare
Registering precompiled user dll's ...
Registered in 0.000520 seconds.
Begin MonoManager ReloadAssembly
Native extension for WindowsStandalone target not found
Refreshing native plugins compatible for Editor in 0.18 ms, found 0 plugins.
Preloading 0 native plugins for Editor in 0.00 ms.
Mono: successfully reloaded assembly
- Completed reload, in  0.612 seconds
Platform modules already initialized, skipping
Refreshing native plugins compatible for Editor in 0.17 ms, found 0 plugins.
Preloading 0 native plugins for Editor in 0.00 ms.
Unloading 1133 Unused Serialized files (Serialized files now loaded: 0)
System memory in use before: 61.6 MB.
System memory in use after: 61.6 MB.

Unloading 5 unused Assets to reduce memory usage. Loaded Objects now: 1751.
Total: 1.490100 ms (FindLiveObjects: 0.141300 ms CreateObjectMapping: 0.037400 ms MarkObjects: 1.268100 ms  DeleteObjects: 0.042000 ms)

========================================================================
Received Prepare
Registering precompiled user dll's ...
Registered in 0.000463 seconds.
Begin MonoManager ReloadAssembly
Native extension for WindowsStandalone target not found
Refreshing native plugins compatible for Editor in 0.19 ms, found 0 plugins.
Preloading 0 native plugins for Editor in 0.00 ms.
Mono: successfully reloaded assembly
- Completed reload, in  0.626 seconds
Platform modules already initialized, skipping
Refreshing native plugins compatible for Editor in 0.17 ms, found 0 plugins.
Preloading 0 native plugins for Editor in 0.00 ms.
Unloading 1133 Unused Serialized files (Serialized files now loaded: 0)
System memory in use before: 61.6 MB.
System memory in use after: 61.6 MB.

Unloading 5 unused Assets to reduce memory usage. Loaded Objects now: 1754.
Total: 1.508100 ms (FindLiveObjects: 0.225700 ms CreateObjectMapping: 0.042300 ms MarkObjects: 1.194400 ms  DeleteObjects: 0.044500 ms)

========================================================================
Received Prepare
Registering precompiled user dll's ...
Registered in 0.000365 seconds.
Begin MonoManager ReloadAssembly
Native extension for WindowsStandalone target not found
Refreshing native plugins compatible for Editor in 0.16 ms, found 0 plugins.
Preloading 0 native plugins for Editor in 0.00 ms.
Mono: successfully reloaded assembly
- Completed reload, in  0.562 seconds
Platform modules already initialized, skipping
Refreshing native plugins compatible for Editor in 0.17 ms, found 0 plugins.
Preloading 0 native plugins for Editor in 0.00 ms.
Unloading 1133 Unused Serialized files (Serialized files now loaded: 0)
System memory in use before: 61.6 MB.
System memory in use after: 61.6 MB.

Unloading 5 unused Assets to reduce memory usage. Loaded Objects now: 1757.
Total: 1.607300 ms (FindLiveObjects: 0.223100 ms CreateObjectMapping: 0.055500 ms MarkObjects: 1.270900 ms  DeleteObjects: 0.056000 ms)

========================================================================
Received Prepare
Registering precompiled user dll's ...
Registered in 0.000460 seconds.
Begin MonoManager ReloadAssembly
Native extension for WindowsStandalone target not found
Refreshing native plugins compatible for Editor in 0.17 ms, found 0 plugins.
Preloading 0 native plugins for Editor in 0.00 ms.
Mono: successfully reloaded assembly
- Completed reload, in  0.557 seconds
Platform modules already initialized, skipping
Refreshing native plugins compatible for Editor in 0.16 ms, found 0 plugins.
Preloading 0 native plugins for Editor in 0.00 ms.
Unloading 1133 Unused Serialized files (Serialized files now loaded: 0)
System memory in use before: 61.6 MB.
System memory in use after: 61.6 MB.

Unloading 5 unused Assets to reduce memory usage. Loaded Objects now: 1760.
Total: 1.838000 ms (FindLiveObjects: 0.150000 ms CreateObjectMapping: 0.032100 ms MarkObjects: 1.605000 ms  DeleteObjects: 0.049400 ms)

========================================================================
Received Prepare
Registering precompiled user dll's ...
Registered in 0.000450 seconds.
Begin MonoManager ReloadAssembly
Native extension for WindowsStandalone target not found
Refreshing native plugins compatible for Editor in 0.29 ms, found 0 plugins.
Preloading 0 native plugins for Editor in 0.00 ms.
Mono: successfully reloaded assembly
- Completed reload, in  0.677 seconds
Platform modules already initialized, skipping
Refreshing native plugins compatible for Editor in 0.17 ms, found 0 plugins.
Preloading 0 native plugins for Editor in 0.00 ms.
Unloading 1133 Unused Serialized files (Serialized files now loaded: 0)
System memory in use before: 61.6 MB.
System memory in use after: 61.7 MB.

Unloading 5 unused Assets to reduce memory usage. Loaded Objects now: 1763.
Total: 1.742400 ms (FindLiveObjects: 0.197700 ms CreateObjectMapping: 0.042700 ms MarkObjects: 1.448500 ms  DeleteObjects: 0.050900 ms)

========================================================================
Received Prepare
Registering precompiled user dll's ...
Registered in 0.000449 seconds.
Begin MonoManager ReloadAssembly
Native extension for WindowsStandalone target not found
Refreshing native plugins compatible for Editor in 0.17 ms, found 0 plugins.
Preloading 0 native plugins for Editor in 0.00 ms.
Mono: successfully reloaded assembly
- Completed reload, in  0.545 seconds
Platform modules already initialized, skipping
Refreshing native plugins compatible for Editor in 0.16 ms, found 0 plugins.
Preloading 0 native plugins for Editor in 0.00 ms.
Unloading 1133 Unused Serialized files (Serialized files now loaded: 0)
System memory in use before: 61.6 MB.
System memory in use after: 61.7 MB.

Unloading 5 unused Assets to reduce memory usage. Loaded Objects now: 1766.
Total: 1.695200 ms (FindLiveObjects: 0.174200 ms CreateObjectMapping: 0.048300 ms MarkObjects: 1.422200 ms  DeleteObjects: 0.048900 ms)

========================================================================
Received Prepare
Registering precompiled user dll's ...
Registered in 0.000484 seconds.
Begin MonoManager ReloadAssembly
Native extension for WindowsStandalone target not found
Refreshing native plugins compatible for Editor in 0.20 ms, found 0 plugins.
Preloading 0 native plugins for Editor in 0.00 ms.
Mono: successfully reloaded assembly
- Completed reload, in  0.548 seconds
Platform modules already initialized, skipping
Refreshing native plugins compatible for Editor in 0.17 ms, found 0 plugins.
Preloading 0 native plugins for Editor in 0.00 ms.
Unloading 1133 Unused Serialized files (Serialized files now loaded: 0)
System memory in use before: 61.6 MB.
System memory in use after: 61.7 MB.

Unloading 5 unused Assets to reduce memory usage. Loaded Objects now: 1769.
Total: 1.344800 ms (FindLiveObjects: 0.141800 ms CreateObjectMapping: 0.040100 ms MarkObjects: 1.114500 ms  DeleteObjects: 0.046300 ms)

========================================================================
Received Prepare
Registering precompiled user dll's ...
Registered in 0.000388 seconds.
Begin MonoManager ReloadAssembly
Native extension for WindowsStandalone target not found
Refreshing native plugins compatible for Editor in 0.18 ms, found 0 plugins.
Preloading 0 native plugins for Editor in 0.00 ms.
Mono: successfully reloaded assembly
- Completed reload, in  0.536 seconds
Platform modules already initialized, skipping
Refreshing native plugins compatible for Editor in 0.16 ms, found 0 plugins.
Preloading 0 native plugins for Editor in 0.00 ms.
Unloading 1133 Unused Serialized files (Serialized files now loaded: 0)
System memory in use before: 61.6 MB.
System memory in use after: 61.7 MB.

Unloading 5 unused Assets to reduce memory usage. Loaded Objects now: 1772.
Total: 1.306000 ms (FindLiveObjects: 0.123700 ms CreateObjectMapping: 0.029100 ms MarkObjects: 1.108800 ms  DeleteObjects: 0.043600 ms)

========================================================================
Received Prepare
Registering precompiled user dll's ...
Registered in 0.000430 seconds.
Begin MonoManager ReloadAssembly
Native extension for WindowsStandalone target not found
Refreshing native plugins compatible for Editor in 0.17 ms, found 0 plugins.
Preloading 0 native plugins for Editor in 0.00 ms.
Mono: successfully reloaded assembly
- Completed reload, in  0.557 seconds
Platform modules already initialized, skipping
Refreshing native plugins compatible for Editor in 0.16 ms, found 0 plugins.
Preloading 0 native plugins for Editor in 0.00 ms.
Unloading 1133 Unused Serialized files (Serialized files now loaded: 0)
System memory in use before: 61.6 MB.
System memory in use after: 61.7 MB.

Unloading 5 unused Assets to reduce memory usage. Loaded Objects now: 1775.
Total: 1.331900 ms (FindLiveObjects: 0.120600 ms CreateObjectMapping: 0.033900 ms MarkObjects: 1.123300 ms  DeleteObjects: 0.053400 ms)

========================================================================
Received Prepare
Registering precompiled user dll's ...
Registered in 0.000718 seconds.
Begin MonoManager ReloadAssembly
Native extension for WindowsStandalone target not found
Refreshing native plugins compatible for Editor in 0.16 ms, found 0 plugins.
Preloading 0 native plugins for Editor in 0.00 ms.
Mono: successfully reloaded assembly
- Completed reload, in  0.536 seconds
Platform modules already initialized, skipping
Refreshing native plugins compatible for Editor in 0.17 ms, found 0 plugins.
Preloading 0 native plugins for Editor in 0.00 ms.
Unloading 1133 Unused Serialized files (Serialized files now loaded: 0)
System memory in use before: 61.6 MB.
System memory in use after: 61.7 MB.

Unloading 5 unused Assets to reduce memory usage. Loaded Objects now: 1778.
Total: 1.452100 ms (FindLiveObjects: 0.150600 ms CreateObjectMapping: 0.027000 ms MarkObjects: 1.205100 ms  DeleteObjects: 0.068500 ms)

========================================================================
Received Import Request.
  Time since last request: 2199.256900 seconds.
  path: Assets/Prefabs/2stPrefabs/ClearDoor.prefab
  artifactKey: Guid(37e0ea3b04dbad24c8b74befa357d0c3) Importer(815301076,1909f56bfc062723c751e8b465ee728b)
Start importing Assets/Prefabs/2stPrefabs/ClearDoor.prefab using Guid(37e0ea3b04dbad24c8b74befa357d0c3) Importer(815301076,1909f56bfc062723c751e8b465ee728b)  -> (artifact id: 'a19f1e2ccf384779205904d597b6dd9f') in 0.049810 seconds
  Import took 0.051457 seconds .

========================================================================
Received Import Request.
  Time since last request: 34.879832 seconds.
  path: Assets/Prefabs/2stPrefabs/Ston.prefab
  artifactKey: Guid(65f32bb5c27b3e244aed4c71a47ec8d9) Importer(815301076,1909f56bfc062723c751e8b465ee728b)
Start importing Assets/Prefabs/2stPrefabs/Ston.prefab using Guid(65f32bb5c27b3e244aed4c71a47ec8d9) Importer(815301076,1909f56bfc062723c751e8b465ee728b)  -> (artifact id: '1196737d0a710334c601284ac75242c4') in 0.005706 seconds
  Import took 0.007356 seconds .

========================================================================
Received Import Request.
  Time since last request: 0.003237 seconds.
  path: Assets/Prefabs/2stPrefabs/Ston.prefab
  artifactKey: Guid(65f32bb5c27b3e244aed4c71a47ec8d9) Importer(815301076,1909f56bfc062723c751e8b465ee728b)
Start importing Assets/Prefabs/2stPrefabs/Ston.prefab using Guid(65f32bb5c27b3e244aed4c71a47ec8d9) Importer(815301076,1909f56bfc062723c751e8b465ee728b)  -> (artifact id: '1196737d0a710334c601284ac75242c4') in 0.004987 seconds
  Import took 0.006680 seconds .

========================================================================
Received Import Request.
  Time since last request: 22.399980 seconds.
  path: Assets/Prefabs/2stPrefabs/SwingJoint.prefab
  artifactKey: Guid(e14939405b093ad419dabf195bad9866) Importer(815301076,1909f56bfc062723c751e8b465ee728b)
Start importing Assets/Prefabs/2stPrefabs/SwingJoint.prefab using Guid(e14939405b093ad419dabf195bad9866) Importer(815301076,1909f56bfc062723c751e8b465ee728b)  -> (artifact id: '66bbf8d8ba976fa8b2011a636b35518d') in 0.029655 seconds
  Import took 0.031486 seconds .

========================================================================
Received Prepare
Registering precompiled user dll's ...
Registered in 0.000484 seconds.
Begin MonoManager ReloadAssembly
Native extension for WindowsStandalone target not found
Refreshing native plugins compatible for Editor in 0.16 ms, found 0 plugins.
Preloading 0 native plugins for Editor in 0.00 ms.
Mono: successfully reloaded assembly
- Completed reload, in  0.542 seconds
Platform modules already initialized, skipping
Refreshing native plugins compatible for Editor in 0.17 ms, found 0 plugins.
Preloading 0 native plugins for Editor in 0.00 ms.
Unloading 1133 Unused Serialized files (Serialized files now loaded: 0)
System memory in use before: 61.6 MB.
System memory in use after: 61.7 MB.

Unloading 5 unused Assets to reduce memory usage. Loaded Objects now: 1782.
Total: 1.538400 ms (FindLiveObjects: 0.126300 ms CreateObjectMapping: 0.028600 ms MarkObjects: 1.339800 ms  DeleteObjects: 0.042900 ms)

========================================================================
Received Prepare
Registering precompiled user dll's ...
Registered in 0.000409 seconds.
Begin MonoManager ReloadAssembly
Native extension for WindowsStandalone target not found
Refreshing native plugins compatible for Editor in 0.17 ms, found 0 plugins.
Preloading 0 native plugins for Editor in 0.00 ms.
Mono: successfully reloaded assembly
- Completed reload, in  0.554 seconds
Platform modules already initialized, skipping
Refreshing native plugins compatible for Editor in 0.17 ms, found 0 plugins.
Preloading 0 native plugins for Editor in 0.00 ms.
Unloading 1133 Unused Serialized files (Serialized files now loaded: 0)
System memory in use before: 61.6 MB.
System memory in use after: 61.7 MB.

Unloading 5 unused Assets to reduce memory usage. Loaded Objects now: 1785.
Total: 1.542500 ms (FindLiveObjects: 0.199900 ms CreateObjectMapping: 0.042700 ms MarkObjects: 1.248200 ms  DeleteObjects: 0.050500 ms)

========================================================================
Received Import Request.
  Time since last request: 1547.705458 seconds.
  path: Assets/Scripts/GameClearManager.cs
  artifactKey: Guid(13a69e96d2cb36a40b99f90c5a930ede) Importer(815301076,1909f56bfc062723c751e8b465ee728b)
Start importing Assets/Scripts/GameClearManager.cs using Guid(13a69e96d2cb36a40b99f90c5a930ede) Importer(815301076,1909f56bfc062723c751e8b465ee728b)  -> (artifact id: 'f1d05eb3840784b4cf7a3dd28ee5bce0') in 0.003934 seconds
  Import took 0.006065 seconds .

========================================================================
Received Import Request.
  Time since last request: 0.416057 seconds.
  path: Assets/Scenes/2st map.unity
  artifactKey: Guid(c48f467cdaed6d846b3ea50f9f90337a) Importer(815301076,1909f56bfc062723c751e8b465ee728b)
Start importing Assets/Scenes/2st map.unity using Guid(c48f467cdaed6d846b3ea50f9f90337a) Importer(815301076,1909f56bfc062723c751e8b465ee728b)  -> (artifact id: 'dcc84d10de98704c23f5206753e5068b') in 0.007387 seconds
  Import took 0.009178 seconds .

========================================================================
Received Prepare
Registering precompiled user dll's ...
Registered in 0.000439 seconds.
Begin MonoManager ReloadAssembly
Native extension for WindowsStandalone target not found
Refreshing native plugins compatible for Editor in 0.19 ms, found 0 plugins.
Preloading 0 native plugins for Editor in 0.00 ms.
Mono: successfully reloaded assembly
- Completed reload, in  0.559 seconds
Platform modules already initialized, skipping
Refreshing native plugins compatible for Editor in 0.16 ms, found 0 plugins.
Preloading 0 native plugins for Editor in 0.00 ms.
Unloading 1133 Unused Serialized files (Serialized files now loaded: 0)
System memory in use before: 61.6 MB.
System memory in use after: 61.7 MB.

Unloading 5 unused Assets to reduce memory usage. Loaded Objects now: 1788.
Total: 1.412000 ms (FindLiveObjects: 0.201800 ms CreateObjectMapping: 0.050400 ms MarkObjects: 1.104000 ms  DeleteObjects: 0.054000 ms)

========================================================================
Received Import Request.
  Time since last request: 611.777639 seconds.
  path: Assets/Scripts/GameClearManager.cs
  artifactKey: Guid(13a69e96d2cb36a40b99f90c5a930ede) Importer(815301076,1909f56bfc062723c751e8b465ee728b)
Start importing Assets/Scripts/GameClearManager.cs using Guid(13a69e96d2cb36a40b99f90c5a930ede) Importer(815301076,1909f56bfc062723c751e8b465ee728b)  -> (artifact id: '1adc6c90d4b7c30374d84c411ea49c55') in 0.002681 seconds
  Import took 0.004384 seconds .

========================================================================
Received Import Request.
  Time since last request: 170.197885 seconds.
  path: Assets/Scripts/2st Map/Enemy.cs
  artifactKey: Guid(aafac158752454e4ba0eb6657a3c1058) Importer(815301076,1909f56bfc062723c751e8b465ee728b)
Start importing Assets/Scripts/2st Map/Enemy.cs using Guid(aafac158752454e4ba0eb6657a3c1058) Importer(815301076,1909f56bfc062723c751e8b465ee728b)  -> (artifact id: '1dc3aa3149580ae05fe92417bb6a8355') in 0.001163 seconds
  Import took 0.002841 seconds .

AssetImportWorkerClient::OnTransportError - code=2 error=End of file
