Using pre-set license
Built from '2020.3/staging' branch; Version is '2020.3.6f1 (338bb68529b2) revision 3378102'; Using compiler version '192528614'; Build Type 'Release'
OS: 'Windows 10 Pro; OS build 19042.1237; Version 2009; 64bit' Language: 'ko' Physical Memory: 16335 MB
BatchMode: 1, IsHumanControllingUs: 0, StartBugReporterOnCrash: 0, Is64bit: 1, IsPro: 0

 COMMAND LINE ARGUMENTS:
D:\Unity\Editor\2020.3.6f1\Editor\Unity.exe
-adb2
-batchMode
-noUpm
-name
AssetImportWorker0
-projectPath
D:/Unity/TestUnitys/OnePickGames
-logFile
Logs/AssetImportWorker0.log
-srvPort
55233
Successfully changed project path to: D:/Unity/TestUnitys/OnePickGames
D:/Unity/TestUnitys/OnePickGames
Using Asset Import Pipeline V2.
Refreshing native plugins compatible for Editor in 35.91 ms, found 0 plugins.
Preloading 0 native plugins for Editor in 0.00 ms.
Initialize engine version: 2020.3.6f1 (338bb68529b2)
[Subsystems] Discovering subsystems at path D:/Unity/Editor/2020.3.6f1/Editor/Data/Resources/UnitySubsystems
[Subsystems] Discovering subsystems at path D:/Unity/TestUnitys/OnePickGames/Assets
GfxDevice: creating device client; threaded=0
Direct3D:
    Version:  Direct3D 11.0 [level 11.1]
    Renderer: NVIDIA GeForce GTX 1060 6GB (ID=0x1c03)
    Vendor:   
    VRAM:     6052 MB
    Driver:   27.21.14.5671
Initialize mono
Mono path[0] = 'D:/Unity/Editor/2020.3.6f1/Editor/Data/Managed'
Mono path[1] = 'D:/Unity/Editor/2020.3.6f1/Editor/Data/MonoBleedingEdge/lib/mono/unityjit'
Mono config path = 'D:/Unity/Editor/2020.3.6f1/Editor/Data/MonoBleedingEdge/etc'
Using monoOptions --debugger-agent=transport=dt_socket,embedding=1,server=y,suspend=n,address=127.0.0.1:56324
Begin MonoManager ReloadAssembly
Registering precompiled unity dll's ...
Register platform support module: D:/Unity/Editor/2020.3.6f1/Editor/Data/PlaybackEngines/WindowsStandaloneSupport/UnityEditor.WindowsStandalone.Extensions.dll
Registered in 0.001568 seconds.
Native extension for WindowsStandalone target not found
Refreshing native plugins compatible for Editor in 26.00 ms, found 0 plugins.
Preloading 0 native plugins for Editor in 0.00 ms.
Mono: successfully reloaded assembly
- Completed reload, in  2.133 seconds
Platform modules already initialized, skipping
Registering precompiled user dll's ...
Registered in 0.000719 seconds.
Begin MonoManager ReloadAssembly
Native extension for WindowsStandalone target not found
Refreshing native plugins compatible for Editor in 0.27 ms, found 0 plugins.
Preloading 0 native plugins for Editor in 0.00 ms.
Mono: successfully reloaded assembly
- Completed reload, in  1.092 seconds
Platform modules already initialized, skipping
========================================================================
Worker process is ready to serve import requests
Launched and connected shader compiler UnityShaderCompiler.exe after 0.13 seconds
Refreshing native plugins compatible for Editor in 0.37 ms, found 0 plugins.
Preloading 0 native plugins for Editor in 0.00 ms.
Unloading 1124 Unused Serialized files (Serialized files now loaded: 0)
System memory in use before: 60.2 MB.
System memory in use after: 60.3 MB.

Unloading 10 unused Assets to reduce memory usage. Loaded Objects now: 1568.
Total: 4.868000 ms (FindLiveObjects: 0.574200 ms CreateObjectMapping: 0.520000 ms MarkObjects: 3.689700 ms  DeleteObjects: 0.081400 ms)

========================================================================
Received Import Request.
  path: Assets/Scripts/1st Map/BoxBreake.cs
  artifactKey: Guid(c24e4b51aee412741af29d4049bb2da4) Importer(815301076,1909f56bfc062723c751e8b465ee728b)
Start importing Assets/Scripts/1st Map/BoxBreake.cs using Guid(c24e4b51aee412741af29d4049bb2da4) Importer(815301076,1909f56bfc062723c751e8b465ee728b)  -> (artifact id: '16e5023d585a424aed618fc2e9279045') in 0.079236 seconds
  Import took 0.081553 seconds .

========================================================================
Received Import Request.
  Time since last request: 0.000248 seconds.
  path: Assets/Scripts/1st Map/ColorChange.cs
  artifactKey: Guid(ee6ae072b867d6f4783c3efbe6f74175) Importer(815301076,1909f56bfc062723c751e8b465ee728b)
Start importing Assets/Scripts/1st Map/ColorChange.cs using Guid(ee6ae072b867d6f4783c3efbe6f74175) Importer(815301076,1909f56bfc062723c751e8b465ee728b)  -> (artifact id: '3cf323a2c813d766f26b107c3b129131') in 0.016282 seconds
  Import took 0.019472 seconds .

========================================================================
Received Import Request.
  Time since last request: 7.857076 seconds.
  path: Assets/Scripts/2DView/PlayerController.cs
  artifactKey: Guid(42238bb312096a44094d2004911d6592) Importer(815301076,1909f56bfc062723c751e8b465ee728b)
Start importing Assets/Scripts/2DView/PlayerController.cs using Guid(42238bb312096a44094d2004911d6592) Importer(815301076,1909f56bfc062723c751e8b465ee728b)  -> (artifact id: 'dddd5457a8b3518f6ddaddfdafe8b82a') in 0.002593 seconds
  Import took 0.005252 seconds .

========================================================================
Received Import Request.
  Time since last request: 0.002477 seconds.
  path: Assets/Scripts/2DView/PlayerController.cs
  artifactKey: Guid(42238bb312096a44094d2004911d6592) Importer(815301076,1909f56bfc062723c751e8b465ee728b)
Start importing Assets/Scripts/2DView/PlayerController.cs using Guid(42238bb312096a44094d2004911d6592) Importer(815301076,1909f56bfc062723c751e8b465ee728b)  -> (artifact id: 'dddd5457a8b3518f6ddaddfdafe8b82a') in 0.003430 seconds
  Import took 0.006692 seconds .

========================================================================
Received Prepare
Registering precompiled user dll's ...
Registered in 0.000796 seconds.
Begin MonoManager ReloadAssembly
Native extension for WindowsStandalone target not found
Refreshing native plugins compatible for Editor in 0.21 ms, found 0 plugins.
Preloading 0 native plugins for Editor in 0.00 ms.
Mono: successfully reloaded assembly
- Completed reload, in  1.179 seconds
Platform modules already initialized, skipping
Refreshing native plugins compatible for Editor in 0.46 ms, found 0 plugins.
Preloading 0 native plugins for Editor in 0.00 ms.
Unloading 1119 Unused Serialized files (Serialized files now loaded: 0)
System memory in use before: 60.2 MB.
System memory in use after: 60.3 MB.

Unloading 5 unused Assets to reduce memory usage. Loaded Objects now: 1571.
Total: 1.853500 ms (FindLiveObjects: 0.278500 ms CreateObjectMapping: 0.074500 ms MarkObjects: 1.420800 ms  DeleteObjects: 0.078100 ms)

========================================================================
Received Prepare
Registering precompiled user dll's ...
Registered in 0.001175 seconds.
Begin MonoManager ReloadAssembly
Native extension for WindowsStandalone target not found
Refreshing native plugins compatible for Editor in 0.55 ms, found 0 plugins.
Preloading 0 native plugins for Editor in 0.00 ms.
Mono: successfully reloaded assembly
- Completed reload, in  1.704 seconds
Platform modules already initialized, skipping
Refreshing native plugins compatible for Editor in 0.22 ms, found 0 plugins.
Preloading 0 native plugins for Editor in 0.00 ms.
Unloading 1119 Unused Serialized files (Serialized files now loaded: 0)
System memory in use before: 60.2 MB.
System memory in use after: 60.3 MB.

Unloading 5 unused Assets to reduce memory usage. Loaded Objects now: 1574.
Total: 2.635600 ms (FindLiveObjects: 0.295100 ms CreateObjectMapping: 0.056300 ms MarkObjects: 2.218100 ms  DeleteObjects: 0.063400 ms)

========================================================================
Received Prepare
Registering precompiled user dll's ...
Registered in 0.000817 seconds.
Begin MonoManager ReloadAssembly
Native extension for WindowsStandalone target not found
Refreshing native plugins compatible for Editor in 0.23 ms, found 0 plugins.
Preloading 0 native plugins for Editor in 0.00 ms.
Mono: successfully reloaded assembly
- Completed reload, in  1.208 seconds
Platform modules already initialized, skipping
Refreshing native plugins compatible for Editor in 0.56 ms, found 0 plugins.
Preloading 0 native plugins for Editor in 0.00 ms.
Unloading 1119 Unused Serialized files (Serialized files now loaded: 0)
System memory in use before: 60.2 MB.
System memory in use after: 60.3 MB.

Unloading 5 unused Assets to reduce memory usage. Loaded Objects now: 1577.
Total: 2.934700 ms (FindLiveObjects: 0.364500 ms CreateObjectMapping: 0.074400 ms MarkObjects: 2.418000 ms  DeleteObjects: 0.075800 ms)

AssetImportWorkerClient::OnTransportError - code=2 error=End of file
