Using pre-set license
Built from '2020.3/staging' branch; Version is '2020.3.6f1 (338bb68529b2) revision 3378102'; Using compiler version '192528614'; Build Type 'Release'
OS: 'Windows 10 Home; OS build 19043.1165; Version 2009; 64bit' Language: 'ko' Physical Memory: 16239 MB
BatchMode: 1, IsHumanControllingUs: 0, StartBugReporterOnCrash: 0, Is64bit: 1, IsPro: 0

 COMMAND LINE ARGUMENTS:
C:\Program Files\Unity\Hub\Editor\2020.3.6f1\Editor\Unity.exe
-adb2
-batchMode
-noUpm
-name
AssetImportWorker0
-projectPath
D:/OnePickGamesFile/OnePickGames-PuzzleMove
-logFile
Logs/AssetImportWorker0.log
-srvPort
51923
Successfully changed project path to: D:/OnePickGamesFile/OnePickGames-PuzzleMove
D:/OnePickGamesFile/OnePickGames-PuzzleMove
Using Asset Import Pipeline V2.
Refreshing native plugins compatible for Editor in 21.86 ms, found 0 plugins.
Preloading 0 native plugins for Editor in 0.00 ms.
Initialize engine version: 2020.3.6f1 (338bb68529b2)
[Subsystems] Discovering subsystems at path C:/Program Files/Unity/Hub/Editor/2020.3.6f1/Editor/Data/Resources/UnitySubsystems
[Subsystems] Discovering subsystems at path D:/OnePickGamesFile/OnePickGames-PuzzleMove/Assets
GfxDevice: creating device client; threaded=0
Direct3D:
    Version:  Direct3D 11.0 [level 11.1]
    Renderer: NVIDIA GeForce GTX 1060 3GB (ID=0x1c02)
    Vendor:   
    VRAM:     2988 MB
    Driver:   27.21.14.6627
Initialize mono
Mono path[0] = 'C:/Program Files/Unity/Hub/Editor/2020.3.6f1/Editor/Data/Managed'
Mono path[1] = 'C:/Program Files/Unity/Hub/Editor/2020.3.6f1/Editor/Data/MonoBleedingEdge/lib/mono/unityjit'
Mono config path = 'C:/Program Files/Unity/Hub/Editor/2020.3.6f1/Editor/Data/MonoBleedingEdge/etc'
Using monoOptions --debugger-agent=transport=dt_socket,embedding=1,server=y,suspend=n,address=127.0.0.1:56812
Begin MonoManager ReloadAssembly
Registering precompiled unity dll's ...
Register platform support module: C:/Program Files/Unity/Hub/Editor/2020.3.6f1/Editor/Data/PlaybackEngines/WindowsStandaloneSupport/UnityEditor.WindowsStandalone.Extensions.dll
Registered in 0.001904 seconds.
Native extension for WindowsStandalone target not found
Refreshing native plugins compatible for Editor in 21.40 ms, found 0 plugins.
Preloading 0 native plugins for Editor in 0.00 ms.
Mono: successfully reloaded assembly
- Completed reload, in  1.675 seconds
Platform modules already initialized, skipping
Registering precompiled user dll's ...
Registered in 0.000795 seconds.
Begin MonoManager ReloadAssembly
Native extension for WindowsStandalone target not found
Refreshing native plugins compatible for Editor in 0.20 ms, found 0 plugins.
Preloading 0 native plugins for Editor in 0.00 ms.
Mono: successfully reloaded assembly
- Completed reload, in  0.757 seconds
Platform modules already initialized, skipping
========================================================================
Worker process is ready to serve import requests
Launched and connected shader compiler UnityShaderCompiler.exe after 0.04 seconds
Refreshing native plugins compatible for Editor in 0.31 ms, found 0 plugins.
Preloading 0 native plugins for Editor in 0.00 ms.
Unloading 1121 Unused Serialized files (Serialized files now loaded: 0)
System memory in use before: 57.4 MB.
System memory in use after: 57.4 MB.

Unloading 10 unused Assets to reduce memory usage. Loaded Objects now: 1564.
Total: 2.510000 ms (FindLiveObjects: 0.226100 ms CreateObjectMapping: 0.060200 ms MarkObjects: 2.082500 ms  DeleteObjects: 0.139400 ms)

========================================================================
Received Import Request.
  path: Assets/Scripts/2DView/PlayerController2D.cs
  artifactKey: Guid(445e49492d28cba4ea48694b2763e5fc) Importer(815301076,1909f56bfc062723c751e8b465ee728b)
Start importing Assets/Scripts/2DView/PlayerController2D.cs using Guid(445e49492d28cba4ea48694b2763e5fc) Importer(815301076,1909f56bfc062723c751e8b465ee728b)  -> (artifact id: '0ec1ae5fac14b651d83bcea44b4be45e') in 0.019654 seconds
  Import took 0.021807 seconds .

========================================================================
Received Prepare
Refreshing native plugins compatible for Editor in 0.99 ms, found 0 plugins.
Preloading 0 native plugins for Editor in 0.00 ms.
Unloading 3 Unused Serialized files (Serialized files now loaded: 0)
System memory in use before: 35.1 MB.
System memory in use after: 35.2 MB.

Unloading 3 unused Assets to reduce memory usage. Loaded Objects now: 1564.
Total: 2.559800 ms (FindLiveObjects: 0.265700 ms CreateObjectMapping: 0.088000 ms MarkObjects: 2.130800 ms  DeleteObjects: 0.073700 ms)

========================================================================
Received Import Request.
  Time since last request: 8.427682 seconds.
  path: Assets/Scripts
  artifactKey: Guid(f58dc9b7d149e814aba4d093ab268227) Importer(815301076,1909f56bfc062723c751e8b465ee728b)
Start importing Assets/Scripts using Guid(f58dc9b7d149e814aba4d093ab268227) Importer(815301076,1909f56bfc062723c751e8b465ee728b)  -> (artifact id: 'fefb2b8362955c3a55efd5d990317fdb') in 0.001854 seconds
  Import took 0.004083 seconds .

========================================================================
Received Prepare
Registering precompiled user dll's ...
Registered in 0.000533 seconds.
Begin MonoManager ReloadAssembly
Native extension for WindowsStandalone target not found
Refreshing native plugins compatible for Editor in 0.26 ms, found 0 plugins.
Preloading 0 native plugins for Editor in 0.00 ms.
Mono: successfully reloaded assembly
- Completed reload, in  0.741 seconds
Platform modules already initialized, skipping
Refreshing native plugins compatible for Editor in 0.28 ms, found 0 plugins.
Preloading 0 native plugins for Editor in 0.00 ms.
Unloading 1116 Unused Serialized files (Serialized files now loaded: 0)
System memory in use before: 57.3 MB.
System memory in use after: 57.4 MB.

Unloading 5 unused Assets to reduce memory usage. Loaded Objects now: 1567.
Total: 1.945200 ms (FindLiveObjects: 0.163000 ms CreateObjectMapping: 0.040900 ms MarkObjects: 1.666400 ms  DeleteObjects: 0.072300 ms)

========================================================================
Received Import Request.
  Time since last request: 246.030161 seconds.
  path: Assets/Scripts/2DView/PlayerController2D.cs
  artifactKey: Guid(445e49492d28cba4ea48694b2763e5fc) Importer(815301076,1909f56bfc062723c751e8b465ee728b)
Start importing Assets/Scripts/2DView/PlayerController2D.cs using Guid(445e49492d28cba4ea48694b2763e5fc) Importer(815301076,1909f56bfc062723c751e8b465ee728b)  -> (artifact id: '33c894fe95726033861ff9092d0c3c07') in 0.004812 seconds
  Import took 0.007306 seconds .

========================================================================
Received Prepare
Registering precompiled user dll's ...
Registered in 0.001091 seconds.
Begin MonoManager ReloadAssembly
Native extension for WindowsStandalone target not found
Refreshing native plugins compatible for Editor in 0.29 ms, found 0 plugins.
Preloading 0 native plugins for Editor in 0.00 ms.
Mono: successfully reloaded assembly
- Completed reload, in  0.698 seconds
Platform modules already initialized, skipping
Refreshing native plugins compatible for Editor in 0.17 ms, found 0 plugins.
Preloading 0 native plugins for Editor in 0.00 ms.
Unloading 1116 Unused Serialized files (Serialized files now loaded: 0)
System memory in use before: 57.4 MB.
System memory in use after: 57.4 MB.

Unloading 5 unused Assets to reduce memory usage. Loaded Objects now: 1570.
Total: 2.984700 ms (FindLiveObjects: 0.284200 ms CreateObjectMapping: 0.062500 ms MarkObjects: 2.570500 ms  DeleteObjects: 0.065500 ms)

AssetImportWorkerClient::OnTransportError - code=2 error=End of file
